::1 - - [18/Nov/2022:09:19:33 -0600] "GET / HTTP/1.1" 200 46
::1 - - [18/Nov/2022:09:19:33 -0600] "GET /favicon.ico HTTP/1.1" 404 196
::1 - - [18/Nov/2022:09:20:33 -0600] "-" 408 -
::1 - - [18/Nov/2022:09:40:19 -0600] "GET / HTTP/1.1" 200 75745
::1 - - [18/Nov/2022:09:41:19 -0600] "-" 408 -
::1 - - [18/Nov/2022:09:41:31 -0600] "GET / HTTP/1.1" 200 75745
::1 - - [18/Nov/2022:09:41:32 -0600] "GET / HTTP/1.1" 200 75745
::1 - - [18/Nov/2022:09:42:31 -0600] "-" 408 -
::1 - - [18/Nov/2022:09:43:01 -0600] "GET / HTTP/1.1" 200 1225
::1 - - [18/Nov/2022:09:43:01 -0600] "GET /js/upload.js HTTP/1.1" 404 196
::1 - - [18/Nov/2022:09:43:15 -0600] "POST /fileUploadScript.php HTTP/1.1" 200 181
::1 - - [18/Nov/2022:09:44:15 -0600] "-" 408 -
::1 - - [18/Nov/2022:09:54:51 -0600] "POST /fileUploadScript.php HTTP/1.1" 200 241
::1 - - [18/Nov/2022:09:54:55 -0600] "GET / HTTP/1.1" 304 -
::1 - - [18/Nov/2022:09:54:55 -0600] "GET /js/upload.js HTTP/1.1" 404 196
::1 - - [18/Nov/2022:09:55:15 -0600] "POST /fileUploadScript.php HTTP/1.1" 200 241
::1 - - [18/Nov/2022:09:55:46 -0600] "POST /fileUploadScript.php HTTP/1.1" 200 277
::1 - - [18/Nov/2022:09:55:52 -0600] "GET / HTTP/1.1" 304 -
::1 - - [18/Nov/2022:09:55:52 -0600] "GET /js/upload.js HTTP/1.1" 404 196
::1 - - [18/Nov/2022:09:55:53 -0600] "POST /fileUploadScript.php HTTP/1.1" 200 277
::1 - - [18/Nov/2022:09:56:52 -0600] "-" 408 -
::1 - - [18/Nov/2022:09:57:02 -0600] "-" 408 -
::1 - - [18/Nov/2022:09:59:21 -0600] "GET / HTTP/1.1" 304 -
::1 - - [18/Nov/2022:09:59:21 -0600] "GET /js/upload.js HTTP/1.1" 404 196
::1 - - [18/Nov/2022:09:59:22 -0600] "POST /fileUploadScript.php HTTP/1.1" 200 231
::1 - - [18/Nov/2022:10:00:18 -0600] "POST /fileUploadScript.php HTTP/1.1" 200 232
::1 - - [18/Nov/2022:10:00:29 -0600] "-" 408 -
::1 - - [18/Nov/2022:10:01:54 -0600] "GET / HTTP/1.1" 304 -
::1 - - [18/Nov/2022:10:01:54 -0600] "GET /js/upload.js HTTP/1.1" 404 196
::1 - - [18/Nov/2022:10:01:55 -0600] "POST /fileUploadScript.php HTTP/1.1" 200 231
::1 - - [18/Nov/2022:10:02:04 -0600] "POST /fileUploadScript.php HTTP/1.1" 200 231
::1 - - [18/Nov/2022:10:03:03 -0600] "-" 408 -
::1 - - [18/Nov/2022:10:03:11 -0600] "-" 408 -
::1 - - [18/Nov/2022:10:03:57 -0600] "GET / HTTP/1.1" 304 -
::1 - - [18/Nov/2022:10:03:57 -0600] "GET /js/upload.js HTTP/1.1" 404 196
::1 - - [18/Nov/2022:10:04:04 -0600] "POST /fileUploadScript.php HTTP/1.1" 200 185
::1 - - [18/Nov/2022:10:04:35 -0600] "GET / HTTP/1.1" 304 -
::1 - - [18/Nov/2022:10:04:35 -0600] "GET /js/upload.js HTTP/1.1" 404 196
::1 - - [18/Nov/2022:10:04:39 -0600] "POST /fileUploadScript.php HTTP/1.1" 200 185
::1 - - [18/Nov/2022:10:04:58 -0600] "POST /fileUploadScript.php HTTP/1.1" 200 181
::1 - - [18/Nov/2022:10:05:52 -0600] "-" 408 -
::1 - - [18/Nov/2022:10:08:19 -0600] "GET / HTTP/1.1" 200 1108
::1 - - [18/Nov/2022:10:08:19 -0600] "GET /js/upload.js HTTP/1.1" 404 196
::1 - - [18/Nov/2022:10:09:18 -0600] "-" 408 -
::1 - - [18/Nov/2022:10:13:31 -0600] "GET / HTTP/1.1" 200 1117
::1 - - [18/Nov/2022:10:13:31 -0600] "GET /js/upload.js HTTP/1.1" 404 196
::1 - - [18/Nov/2022:10:14:31 -0600] "-" 408 -
::1 - - [18/Nov/2022:10:15:44 -0600] "GET / HTTP/1.1" 200 1374
::1 - - [18/Nov/2022:10:15:44 -0600] "GET /js/upload.js HTTP/1.1" 404 196
::1 - - [18/Nov/2022:10:16:11 -0600] "GET / HTTP/1.1" 200 1382
::1 - - [18/Nov/2022:10:16:11 -0600] "GET /js/upload.js HTTP/1.1" 404 196
::1 - - [18/Nov/2022:10:16:42 -0600] "GET / HTTP/1.1" 200 1390
::1 - - [18/Nov/2022:10:16:42 -0600] "GET /js/upload.js HTTP/1.1" 404 196
::1 - - [18/Nov/2022:10:16:44 -0600] "GET / HTTP/1.1" 304 -
::1 - - [18/Nov/2022:10:16:45 -0600] "GET /js/upload.js HTTP/1.1" 404 196
::1 - - [18/Nov/2022:10:17:02 -0600] "GET / HTTP/1.1" 304 -
::1 - - [18/Nov/2022:10:17:23 -0600] "GET / HTTP/1.1" 304 -
::1 - - [18/Nov/2022:10:17:23 -0600] "GET /js/upload.js HTTP/1.1" 404 196
::1 - - [18/Nov/2022:10:18:23 -0600] "-" 408 -
::1 - - [18/Nov/2022:10:20:15 -0600] "GET / HTTP/1.1" 200 1348
::1 - - [18/Nov/2022:10:21:15 -0600] "-" 408 -
::1 - - [18/Nov/2022:10:21:19 -0600] "GET / HTTP/1.1" 200 1289
::1 - - [18/Nov/2022:10:22:19 -0600] "-" 408 -
::1 - - [18/Nov/2022:10:23:45 -0600] "GET / HTTP/1.1" 200 1362
::1 - - [18/Nov/2022:10:24:15 -0600] "GET / HTTP/1.1" 200 1350
::1 - - [18/Nov/2022:10:25:15 -0600] "-" 408 -
::1 - - [18/Nov/2022:10:25:59 -0600] "GET / HTTP/1.1" 200 1332
::1 - - [18/Nov/2022:10:26:39 -0600] "GET / HTTP/1.1" 200 1392
::1 - - [18/Nov/2022:10:27:39 -0600] "-" 408 -
::1 - - [18/Nov/2022:10:31:33 -0600] "GET / HTTP/1.1" 200 699
::1 - - [18/Nov/2022:10:32:10 -0600] "GET / HTTP/1.1" 200 698
::1 - - [18/Nov/2022:10:32:16 -0600] "GET / HTTP/1.1" 200 683
::1 - - [18/Nov/2022:10:33:16 -0600] "-" 408 -
::1 - - [18/Nov/2022:10:53:04 -0600] "GET / HTTP/1.1" 304 -
::1 - - [18/Nov/2022:10:53:05 -0600] "GET / HTTP/1.1" 304 -
::1 - - [18/Nov/2022:10:53:24 -0600] "POST /fileUploadScript.php HTTP/1.1" 200 145
::1 - - [18/Nov/2022:10:53:55 -0600] "GET / HTTP/1.1" 304 -
::1 - - [18/Nov/2022:10:54:10 -0600] "POST /fileUploadScript.php HTTP/1.1" 200 799
::1 - - [18/Nov/2022:10:55:10 -0600] "-" 408 -
::1 - - [18/Nov/2022:10:56:15 -0600] "POST /fileUploadScript.php HTTP/1.1" 200 732
::1 - - [18/Nov/2022:10:56:30 -0600] "POST /fileUploadScript.php HTTP/1.1" 200 181
::1 - - [18/Nov/2022:10:57:17 -0600] "POST /fileUploadScript.php HTTP/1.1" 200 181
::1 - - [18/Nov/2022:10:58:12 -0600] "-" 408 -
::1 - - [18/Nov/2022:10:58:44 -0600] "-" 408 -
::1 - - [18/Nov/2022:10:59:02 -0600] "POST /fileUploadScript.php HTTP/1.1" 200 772
::1 - - [18/Nov/2022:10:59:34 -0600] "POST /fileUploadScript.php HTTP/1.1" 200 470
::1 - - [18/Nov/2022:11:00:32 -0600] "-" 408 -
::1 - - [18/Nov/2022:11:00:39 -0600] "GET / HTTP/1.1" 304 -
::1 - - [18/Nov/2022:11:00:49 -0600] "POST /fileUploadScript.php HTTP/1.1" 200 470
::1 - - [18/Nov/2022:11:01:49 -0600] "-" 408 -
::1 - - [18/Nov/2022:11:02:09 -0600] "POST /fileUploadScript.php HTTP/1.1" 200 772
::1 - - [18/Nov/2022:11:03:00 -0600] "POST /fileUploadScript.php HTTP/1.1" 200 382
::1 - - [18/Nov/2022:11:03:59 -0600] "-" 408 -
::1 - - [18/Nov/2022:11:04:14 -0600] "GET / HTTP/1.1" 304 -
::1 - - [18/Nov/2022:11:04:24 -0600] "POST /fileUploadScript.php HTTP/1.1" 200 185
::1 - - [18/Nov/2022:11:05:24 -0600] "-" 408 -
::1 - - [18/Nov/2022:11:05:38 -0600] "POST /fileUploadScript.php HTTP/1.1" 200 190
::1 - - [18/Nov/2022:11:05:47 -0600] "POST /fileUploadScript.php HTTP/1.1" 200 185
::1 - - [18/Nov/2022:11:06:22 -0600] "POST /fileUploadScript.php HTTP/1.1" 200 192
::1 - - [18/Nov/2022:11:07:21 -0600] "-" 408 -
::1 - - [18/Nov/2022:11:08:50 -0600] "POST /fileUploadScript.php HTTP/1.1" 200 187
::1 - - [18/Nov/2022:11:09:36 -0600] "-" 408 -
::1 - - [18/Nov/2022:11:10:57 -0600] "POST /fileUploadScript.php HTTP/1.1" 200 187
::1 - - [18/Nov/2022:11:11:19 -0600] "POST /fileUploadScript.php HTTP/1.1" 200 185
::1 - - [18/Nov/2022:11:11:50 -0600] "POST /fileUploadScript.php HTTP/1.1" 200 182
::1 - - [18/Nov/2022:11:12:43 -0600] "-" 408 -
::1 - - [18/Nov/2022:11:13:23 -0600] "POST /fileUploadScript.php HTTP/1.1" 200 382
::1 - - [18/Nov/2022:11:13:47 -0600] "POST /fileUploadScript.php HTTP/1.1" 200 188
::1 - - [18/Nov/2022:11:14:06 -0600] "POST /fileUploadScript.php HTTP/1.1" 200 185
::1 - - [18/Nov/2022:11:15:00 -0600] "-" 408 -
::1 - - [18/Nov/2022:11:15:53 -0600] "POST /fileUploadScript.php HTTP/1.1" 200 185
::1 - - [18/Nov/2022:11:16:38 -0600] "POST /fileUploadScript.php HTTP/1.1" 200 187
::1 - - [18/Nov/2022:11:17:18 -0600] "-" 408 -
::1 - - [18/Nov/2022:11:18:28 -0600] "POST /fileUploadScript.php HTTP/1.1" 200 231
::1 - - [18/Nov/2022:11:18:38 -0600] "GET /upload.html HTTP/1.1" 200 683
::1 - - [18/Nov/2022:11:19:07 -0600] "POST /fileUploadScript.php HTTP/1.1" 200 181
::1 - - [18/Nov/2022:11:20:07 -0600] "-" 408 -
::1 - - [18/Nov/2022:11:20:17 -0600] "-" 408 -
::1 - - [18/Nov/2022:11:23:26 -0600] "GET /upload.html HTTP/1.1" 200 683
::1 - - [18/Nov/2022:11:23:51 -0600] "POST /fileUploadScript.php HTTP/1.1" 200 189
::1 - - [18/Nov/2022:11:24:51 -0600] "-" 408 -
::1 - - [18/Nov/2022:11:25:01 -0600] "-" 408 -
::1 - - [21/Nov/2022:10:13:42 -0600] "GET / HTTP/1.1" 200 683
::1 - - [21/Nov/2022:10:13:42 -0600] "GET /favicon.ico HTTP/1.1" 404 196
::1 - - [21/Nov/2022:10:14:42 -0600] "-" 408 -
::1 - - [21/Nov/2022:10:17:09 -0600] "GET / HTTP/1.1" 200 723
::1 - - [21/Nov/2022:10:17:11 -0600] "GET /mainpage.html HTTP/1.1" 200 345
::1 - - [21/Nov/2022:10:18:09 -0600] "-" 408 -
::1 - - [21/Nov/2022:10:18:13 -0600] "GET /mainpage.html HTTP/1.1" 200 447
::1 - - [21/Nov/2022:10:18:13 -0600] "GET /upload.html? HTTP/1.1" 200 723
::1 - - [21/Nov/2022:10:19:09 -0600] "GET /mainpage.html HTTP/1.1" 200 665
::1 - - [21/Nov/2022:10:19:14 -0600] "GET /mainpage.html HTTP/1.1" 200 666
::1 - - [21/Nov/2022:10:19:16 -0600] "GET /upload.html? HTTP/1.1" 304 -
::1 - - [21/Nov/2022:10:19:30 -0600] "GET /mainpage.html HTTP/1.1" 200 666
::1 - - [21/Nov/2022:10:19:36 -0600] "GET /mainpage.html HTTP/1.1" 200 666
::1 - - [21/Nov/2022:10:19:53 -0600] "GET /upload.html? HTTP/1.1" 304 -
::1 - - [21/Nov/2022:10:19:55 -0600] "GET /seach.html? HTTP/1.1" 404 196
::1 - - [21/Nov/2022:10:19:56 -0600] "GET /login.html? HTTP/1.1" 200 -
::1 - - [21/Nov/2022:10:20:05 -0600] "GET /mainpage.html HTTP/1.1" 200 667
::1 - - [21/Nov/2022:10:20:06 -0600] "GET /search.html? HTTP/1.1" 200 -
::1 - - [21/Nov/2022:10:21:05 -0600] "-" 408 -
::1 - - [21/Nov/2022:10:23:39 -0600] "GET /mainpage.html HTTP/1.1" 304 -
::1 - - [21/Nov/2022:10:23:41 -0600] "GET /upload.html? HTTP/1.1" 304 -
::1 - - [21/Nov/2022:10:24:39 -0600] "-" 408 -
::1 - - [21/Nov/2022:10:24:47 -0600] "-" 408 -
::1 - - [21/Nov/2022:10:25:24 -0600] "GET /mainpage.html HTTP/1.1" 304 -
::1 - - [21/Nov/2022:10:25:27 -0600] "GET /upload.html? HTTP/1.1" 200 725
::1 - - [21/Nov/2022:10:26:06 -0600] "GET /mainpage.html HTTP/1.1" 200 711
::1 - - [21/Nov/2022:10:26:13 -0600] "GET /mainpage.html HTTP/1.1" 200 703
::1 - - [21/Nov/2022:10:27:13 -0600] "-" 408 -
::1 - - [21/Nov/2022:10:29:26 -0600] "GET /mainpage.html HTTP/1.1" 200 715
::1 - - [21/Nov/2022:10:30:26 -0600] "-" 408 -
::1 - - [21/Nov/2022:10:31:39 -0600] "GET /mainpage.html HTTP/1.1" 200 753
::1 - - [21/Nov/2022:10:31:49 -0600] "GET /mainpage.html HTTP/1.1" 304 -
::1 - - [21/Nov/2022:10:31:49 -0600] "GET /mainpage.html HTTP/1.1" 304 -
::1 - - [21/Nov/2022:10:31:59 -0600] "GET /mainpage.html HTTP/1.1" 200 731
::1 - - [21/Nov/2022:10:32:01 -0600] "GET /mainpage.html HTTP/1.1" 304 -
::1 - - [21/Nov/2022:10:32:59 -0600] "-" 408 -
::1 - - [21/Nov/2022:10:35:14 -0600] "GET /mainpage.html HTTP/1.1" 200 878
::1 - - [21/Nov/2022:10:35:31 -0600] "GET /mainpage.html HTTP/1.1" 200 880
::1 - - [21/Nov/2022:10:35:32 -0600] "POST /displayImagesScript.php HTTP/1.1" 200 15
::1 - - [21/Nov/2022:10:35:36 -0600] "POST /displayImagesScript.php HTTP/1.1" 200 15
::1 - - [21/Nov/2022:10:35:49 -0600] "GET /upload.html? HTTP/1.1" 304 -
::1 - - [21/Nov/2022:10:35:50 -0600] "POST /fileUploadScript.php HTTP/1.1" 200 231
::1 - - [21/Nov/2022:10:36:10 -0600] "POST /displayImagesScript.php HTTP/1.1" 200 15
::1 - - [21/Nov/2022:10:36:27 -0600] "GET /mainpage.html HTTP/1.1" 200 703
::1 - - [21/Nov/2022:10:36:27 -0600] "GET /mainpage.html HTTP/1.1" 304 -
::1 - - [21/Nov/2022:10:36:46 -0600] "GET /mainpage.html HTTP/1.1" 304 -
::1 - - [21/Nov/2022:10:36:57 -0600] "POST /fileUploadScript.php HTTP/1.1" 200 183
::1 - - [21/Nov/2022:10:37:07 -0600] "GET /upload.html HTTP/1.1" 200 725
::1 - - [21/Nov/2022:10:38:07 -0600] "-" 408 -
::1 - - [21/Nov/2022:10:41:52 -0600] "GET /upload.html HTTP/1.1" 304 -
::1 - - [21/Nov/2022:10:41:54 -0600] "GET /mainpage.html HTTP/1.1" 404 196
::1 - - [21/Nov/2022:10:41:55 -0600] "GET /mainpage.html HTTP/1.1" 404 196
::1 - - [21/Nov/2022:10:42:05 -0600] "GET /mainpage.html HTTP/1.1" 404 196
::1 - - [21/Nov/2022:10:42:07 -0600] "GET /upload.html HTTP/1.1" 200 724
::1 - - [21/Nov/2022:10:42:07 -0600] "GET /mainpage.php HTTP/1.1" 200 724
::1 - - [21/Nov/2022:10:43:05 -0600] "-" 408 -
::1 - - [21/Nov/2022:10:43:45 -0600] "GET /mainpage.php HTTP/1.1" 200 709
::1 - - [21/Nov/2022:10:43:46 -0600] "GET /mainpage.php HTTP/1.1" 200 709
::1 - - [21/Nov/2022:10:44:04 -0600] "GET /mainpage.php HTTP/1.1" 200 725
::1 - - [21/Nov/2022:10:45:04 -0600] "-" 408 -
::1 - - [21/Nov/2022:10:45:19 -0600] "GET /mainpage.php HTTP/1.1" 200 1079
::1 - - [21/Nov/2022:10:45:54 -0600] "GET /mainpage.php HTTP/1.1" 200 959
::1 - - [21/Nov/2022:10:46:27 -0600] "GET /mainpage.php HTTP/1.1" 200 885
::1 - - [21/Nov/2022:10:46:40 -0600] "GET /mainpage.php HTTP/1.1" 200 885
::1 - - [21/Nov/2022:10:46:40 -0600] "GET /mainpage.php HTTP/1.1" 200 885
::1 - - [21/Nov/2022:10:46:40 -0600] "GET /mainpage.php HTTP/1.1" 200 885
::1 - - [21/Nov/2022:10:47:40 -0600] "-" 408 -
::1 - - [21/Nov/2022:10:48:21 -0600] "GET /mainpage.php HTTP/1.1" 200 880
::1 - - [21/Nov/2022:10:48:21 -0600] "GET /mainpage.php HTTP/1.1" 200 880
::1 - - [21/Nov/2022:10:48:22 -0600] "GET /mainpage.php HTTP/1.1" 200 880
::1 - - [21/Nov/2022:10:48:22 -0600] "GET /mainpage.php HTTP/1.1" 200 880
::1 - - [21/Nov/2022:10:48:36 -0600] "GET /mainpage.php HTTP/1.1" 200 995
::1 - - [21/Nov/2022:10:48:51 -0600] "GET /mainpage.php HTTP/1.1" 200 1001
::1 - - [21/Nov/2022:10:49:45 -0600] "GET /mainpage.php HTTP/1.1" 200 731
::1 - - [21/Nov/2022:10:49:45 -0600] "GET /mainpage.php HTTP/1.1" 200 731
::1 - - [21/Nov/2022:10:49:49 -0600] "GET /mainpage.php HTTP/1.1" 200 731
::1 - - [21/Nov/2022:10:49:50 -0600] "GET /mainpage.php HTTP/1.1" 200 731
::1 - - [21/Nov/2022:10:50:15 -0600] "GET /mainpage.php HTTP/1.1" 200 731
::1 - - [21/Nov/2022:10:50:15 -0600] "GET /mainpage.php HTTP/1.1" 200 731
::1 - - [21/Nov/2022:10:50:15 -0600] "GET /mainpage.php HTTP/1.1" 200 731
::1 - - [21/Nov/2022:10:50:16 -0600] "GET /mainpage.php HTTP/1.1" 200 731
::1 - - [21/Nov/2022:10:50:22 -0600] "GET /mainpage.php HTTP/1.1" 200 1001
::1 - - [21/Nov/2022:10:50:58 -0600] "GET /mainpage.php HTTP/1.1" 200 731
::1 - - [21/Nov/2022:10:50:58 -0600] "GET /mainpage.php HTTP/1.1" 200 731
::1 - - [21/Nov/2022:10:50:58 -0600] "GET /mainpage.php HTTP/1.1" 200 731
::1 - - [21/Nov/2022:10:51:08 -0600] "GET /mainpage.php HTTP/1.1" 200 1046
::1 - - [21/Nov/2022:10:51:40 -0600] "GET /mainpage.php HTTP/1.1" 200 1046
::1 - - [21/Nov/2022:10:52:13 -0600] "GET /mainpage.php HTTP/1.1" 200 885
::1 - - [21/Nov/2022:10:52:28 -0600] "GET /mainpage.php HTTP/1.1" 200 902
::1 - - [21/Nov/2022:10:52:44 -0600] "GET /mainpage.php HTTP/1.1" 200 880
::1 - - [21/Nov/2022:10:52:50 -0600] "GET /mainpage.php HTTP/1.1" 200 1410
::1 - - [21/Nov/2022:10:52:55 -0600] "GET /mainpage.php HTTP/1.1" 200 902
::1 - - [21/Nov/2022:10:52:58 -0600] "GET /mainpage.php HTTP/1.1" 200 902
::1 - - [21/Nov/2022:10:52:59 -0600] "GET /mainpage.php HTTP/1.1" 200 1410
::1 - - [21/Nov/2022:10:53:50 -0600] "-" 408 -
::1 - - [21/Nov/2022:10:54:31 -0600] "GET /mainpage.php HTTP/1.1" 200 1277
::1 - - [21/Nov/2022:10:54:31 -0600] "GET /images/milldev/0.png HTTP/1.1" 200 6532
::1 - - [21/Nov/2022:10:54:33 -0600] "GET /mainpage.php HTTP/1.1" 200 1277
::1 - - [21/Nov/2022:10:54:33 -0600] "GET /mainpage.php HTTP/1.1" 200 1277
::1 - - [21/Nov/2022:10:54:37 -0600] "GET /mainpage.php HTTP/1.1" 200 1277
::1 - - [21/Nov/2022:10:54:37 -0600] "GET /images/milldev/1.png HTTP/1.1" 200 323752
::1 - - [21/Nov/2022:10:54:41 -0600] "GET /mainpage.php HTTP/1.1" 200 1277
::1 - - [21/Nov/2022:10:54:41 -0600] "GET /images/milldev/2.png HTTP/1.1" 200 323752
::1 - - [21/Nov/2022:10:54:46 -0600] "GET /mainpage.php HTTP/1.1" 200 1277
::1 - - [21/Nov/2022:10:54:46 -0600] "GET /images/milldev/3.png HTTP/1.1" 200 323752
::1 - - [21/Nov/2022:10:54:46 -0600] "GET /mainpage.php HTTP/1.1" 200 1277
::1 - - [21/Nov/2022:10:54:58 -0600] "GET /mainpage.php HTTP/1.1" 200 1277
::1 - - [21/Nov/2022:10:54:58 -0600] "GET /images/milldev/4.png HTTP/1.1" 200 235596
::1 - - [21/Nov/2022:10:55:46 -0600] "GET /mainpage.php HTTP/1.1" 200 1137
::1 - - [21/Nov/2022:10:56:46 -0600] "-" 408 -
::1 - - [21/Nov/2022:10:57:10 -0600] "GET /mainpage.php HTTP/1.1" 200 1410
::1 - - [21/Nov/2022:10:57:23 -0600] "GET /mainpage.php HTTP/1.1" 200 731
::1 - - [21/Nov/2022:10:57:26 -0600] "GET /mainpage.php HTTP/1.1" 200 1410
::1 - - [21/Nov/2022:10:58:23 -0600] "-" 408 -
::1 - - [21/Nov/2022:10:59:32 -0600] "GET /mainpage.php HTTP/1.1" 200 1011
::1 - - [21/Nov/2022:10:59:32 -0600] "GET /images/milldev/6.jpg HTTP/1.1" 200 5422
::1 - - [21/Nov/2022:10:59:32 -0600] "GET /images/milldev/5.png HTTP/1.1" 200 6532
::1 - - [21/Nov/2022:10:59:34 -0600] "GET /mainpage.php HTTP/1.1" 200 1011
::1 - - [21/Nov/2022:10:59:34 -0600] "GET /mainpage.php HTTP/1.1" 200 1011
::1 - - [21/Nov/2022:10:59:34 -0600] "GET /mainpage.php HTTP/1.1" 200 1011
::1 - - [21/Nov/2022:10:59:41 -0600] "GET /mainpage.php HTTP/1.1" 200 989
::1 - - [21/Nov/2022:11:00:09 -0600] "GET /mainpage.php HTTP/1.1" 200 881
::1 - - [21/Nov/2022:11:00:25 -0600] "GET /mainpage.php HTTP/1.1" 200 1171
::1 - - [21/Nov/2022:11:00:25 -0600] "GET /images/milldev/0.png HTTP/1.1" 304 -
::1 - - [21/Nov/2022:11:00:25 -0600] "GET /images/milldev/1.png HTTP/1.1" 304 -
::1 - - [21/Nov/2022:11:00:25 -0600] "GET /images/milldev/3.png HTTP/1.1" 304 -
::1 - - [21/Nov/2022:11:00:25 -0600] "GET /images/milldev/4.png HTTP/1.1" 304 -
::1 - - [21/Nov/2022:11:00:25 -0600] "GET /images/milldev/2.png HTTP/1.1" 304 -
::1 - - [21/Nov/2022:11:00:50 -0600] "GET /mainpage.php HTTP/1.1" 200 1157
::1 - - [21/Nov/2022:11:00:57 -0600] "GET /mainpage.php HTTP/1.1" 200 1171
::1 - - [21/Nov/2022:11:01:53 -0600] "GET /mainpage.php HTTP/1.1" 200 1094
::1 - - [21/Nov/2022:11:01:53 -0600] "GET /images/milldev/6.jpg HTTP/1.1" 304 -
::1 - - [21/Nov/2022:11:02:39 -0600] "GET /mainpage.php HTTP/1.1" 200 2025
::1 - - [21/Nov/2022:11:03:30 -0600] "GET /mainpage.php HTTP/1.1" 200 2025
::1 - - [21/Nov/2022:11:03:31 -0600] "GET /mainpage.php HTTP/1.1" 200 2025
::1 - - [21/Nov/2022:11:03:51 -0600] "GET /mainpage.php HTTP/1.1" 200 876
::1 - - [21/Nov/2022:11:03:52 -0600] "GET /mainpage.php HTTP/1.1" 200 876
::1 - - [21/Nov/2022:11:03:52 -0600] "GET /mainpage.php HTTP/1.1" 200 876
::1 - - [21/Nov/2022:11:03:53 -0600] "GET /mainpage.php HTTP/1.1" 200 876
::1 - - [21/Nov/2022:11:05:06 -0600] "GET /mainpage.php HTTP/1.1" 200 2011
::1 - - [21/Nov/2022:11:05:07 -0600] "GET /mainpage.php HTTP/1.1" 200 2011
::1 - - [21/Nov/2022:11:05:07 -0600] "GET /images/milldev/6.jpg HTTP/1.1" 304 -
::1 - - [21/Nov/2022:11:05:07 -0600] "GET /mainpage.php HTTP/1.1" 200 2011
::1 - - [21/Nov/2022:11:05:18 -0600] "GET /mainpage.php HTTP/1.1" 200 2025
::1 - - [21/Nov/2022:11:05:26 -0600] "GET /mainpage.php HTTP/1.1" 200 1115
::1 - - [21/Nov/2022:11:05:27 -0600] "GET /images/milldev/5.png HTTP/1.1" 304 -
::1 - - [21/Nov/2022:11:05:57 -0600] "GET /mainpage.php HTTP/1.1" 200 3474
::1 - - [21/Nov/2022:11:06:42 -0600] "GET /mainpage.php HTTP/1.1" 200 1119
::1 - - [21/Nov/2022:11:06:42 -0600] "GET /images/milldev/0.png HTTP/1.1" 304 -
::1 - - [21/Nov/2022:11:06:42 -0600] "GET /images/milldev/1.png HTTP/1.1" 304 -
::1 - - [21/Nov/2022:11:06:42 -0600] "GET /images/milldev/2.png HTTP/1.1" 304 -
::1 - - [21/Nov/2022:11:06:42 -0600] "GET /images/milldev/3.png HTTP/1.1" 304 -
::1 - - [21/Nov/2022:11:06:42 -0600] "GET /images/milldev/4.png HTTP/1.1" 304 -
::1 - - [21/Nov/2022:11:07:00 -0600] "GET /mainpage.php HTTP/1.1" 200 1119
::1 - - [21/Nov/2022:11:07:01 -0600] "GET /mainpage.php HTTP/1.1" 200 1119
::1 - - [21/Nov/2022:11:08:03 -0600] "GET /mainpage.php HTTP/1.1" 200 920
::1 - - [21/Nov/2022:11:08:20 -0600] "GET /mainpage.php HTTP/1.1" 200 1325
::1 - - [21/Nov/2022:11:08:20 -0600] "GET /images/milldev/6.jpg HTTP/1.1" 304 -
::1 - - [21/Nov/2022:11:08:22 -0600] "GET /mainpage.php HTTP/1.1" 200 1325
::1 - - [21/Nov/2022:11:08:22 -0600] "GET /mainpage.php HTTP/1.1" 200 1325
::1 - - [21/Nov/2022:11:09:00 -0600] "GET /mainpage.php HTTP/1.1" 200 978
::1 - - [21/Nov/2022:11:09:12 -0600] "GET /mainpage.php HTTP/1.1" 200 978
::1 - - [21/Nov/2022:11:09:13 -0600] "GET /mainpage.php HTTP/1.1" 200 978
::1 - - [21/Nov/2022:11:09:22 -0600] "GET /mainpage.php HTTP/1.1" 200 978
::1 - - [21/Nov/2022:11:09:45 -0600] "GET /mainpage.php HTTP/1.1" 200 1275
::1 - - [21/Nov/2022:11:09:51 -0600] "GET /mainpage.php HTTP/1.1" 200 1271
::1 - - [21/Nov/2022:11:10:38 -0600] "GET /mainpage.php HTTP/1.1" 200 1418
::1 - - [21/Nov/2022:11:10:38 -0600] "GET /mainpage.php HTTP/1.1" 200 1418
::1 - - [21/Nov/2022:11:10:38 -0600] "GET /mainpage.php HTTP/1.1" 200 1418
::1 - - [21/Nov/2022:11:11:29 -0600] "GET /mainpage.php HTTP/1.1" 200 1278
::1 - - [21/Nov/2022:11:11:29 -0600] "GET /images/milldev/6.jpg HTTP/1.1" 304 -
::1 - - [21/Nov/2022:11:12:29 -0600] "-" 408 -
::1 - - [21/Nov/2022:11:13:31 -0600] "GET /mainpage.php HTTP/1.1" 200 1824
::1 - - [21/Nov/2022:11:13:31 -0600] "GET /images/milldev/0.png HTTP/1.1" 304 -
::1 - - [21/Nov/2022:11:13:31 -0600] "GET /images/milldev/1.png HTTP/1.1" 304 -
::1 - - [21/Nov/2022:11:13:31 -0600] "GET /images/milldev/2.png HTTP/1.1" 304 -
::1 - - [21/Nov/2022:11:13:31 -0600] "GET /images/milldev/3.png HTTP/1.1" 304 -
::1 - - [21/Nov/2022:11:13:31 -0600] "GET /images/milldev/4.png HTTP/1.1" 304 -
::1 - - [21/Nov/2022:11:13:31 -0600] "GET /images/milldev/5.png HTTP/1.1" 304 -
::1 - - [21/Nov/2022:11:13:32 -0600] "GET /photodetail.html HTTP/1.1" 200 -
::1 - - [21/Nov/2022:11:14:31 -0600] "-" 408 -
::1 - - [21/Nov/2022:11:14:41 -0600] "-" 408 -
::1 - - [21/Nov/2022:11:17:29 -0600] "GET /mainpage.php HTTP/1.1" 200 1824
::1 - - [21/Nov/2022:11:17:29 -0600] "GET /images/milldev/6.jpg HTTP/1.1" 304 -
::1 - - [21/Nov/2022:11:18:29 -0600] "-" 408 -
::1 - - [21/Nov/2022:11:18:35 -0600] "-" 408 -
::1 - - [21/Nov/2022:11:18:44 -0600] "GET /mainpage.php HTTP/1.1" 200 1817
::1 - - [21/Nov/2022:11:18:45 -0600] "GET /photodetail.php HTTP/1.1" 200 409
::1 - - [21/Nov/2022:11:19:44 -0600] "-" 408 -
::1 - - [21/Nov/2022:11:19:50 -0600] "GET /mainpage.php HTTP/1.1" 200 838
::1 - - [21/Nov/2022:11:20:50 -0600] "-" 408 -
::1 - - [21/Nov/2022:11:20:59 -0600] "GET /mainpage.php HTTP/1.1" 200 2125
::1 - - [21/Nov/2022:11:20:59 -0600] "GET /images/milldev/0.png HTTP/1.1" 304 -
::1 - - [21/Nov/2022:11:20:59 -0600] "GET /images/milldev/1.png HTTP/1.1" 304 -
::1 - - [21/Nov/2022:11:20:59 -0600] "GET /images/milldev/2.png HTTP/1.1" 304 -
::1 - - [21/Nov/2022:11:20:59 -0600] "GET /images/milldev/3.png HTTP/1.1" 304 -
::1 - - [21/Nov/2022:11:20:59 -0600] "GET /images/milldev/4.png HTTP/1.1" 304 -
::1 - - [21/Nov/2022:11:20:59 -0600] "GET /images/milldev/5.png HTTP/1.1" 304 -
::1 - - [21/Nov/2022:11:21:00 -0600] "GET /photodetail.php?varname=%3C?php%20echo%20/images/milldev/6.jpg%20?%3E HTTP/1.1" 200 280
::1 - - [21/Nov/2022:11:21:59 -0600] "-" 408 -
::1 - - [21/Nov/2022:11:24:09 -0600] "GET /photodetail.php?varname=%3C?php%20echo%20/images/milldev/6.jpg%20?%3E HTTP/1.1" 200 280
::1 - - [21/Nov/2022:11:24:11 -0600] "GET /mainpage.php HTTP/1.1" 200 3406
::1 - - [21/Nov/2022:11:24:11 -0600] "GET /images/milldev/6.jpg HTTP/1.1" 304 -
::1 - - [21/Nov/2022:11:24:14 -0600] "GET /photodetail.php?varname=%3C?php%20echo%20/images/milldev/6.jpg%20?%3E HTTP/1.1" 200 280
::1 - - [21/Nov/2022:11:25:09 -0600] "-" 408 -
::1 - - [21/Nov/2022:11:26:12 -0600] "GET /mainpage.php HTTP/1.1" 200 2139
::1 - - [21/Nov/2022:11:26:13 -0600] "GET /photodetail.php?image=/images/milldev/6.jpg&username=milldev HTTP/1.1" 200 280
::1 - - [21/Nov/2022:11:27:12 -0600] "-" 408 -
::1 - - [21/Nov/2022:11:27:25 -0600] "GET /photodetail.php?image=/images/milldev/6.jpg&username=milldev HTTP/1.1" 200 280
::1 - - [21/Nov/2022:11:27:43 -0600] "GET /mainpage.php HTTP/1.1" 200 2139
::1 - - [21/Nov/2022:11:27:44 -0600] "GET /photodetail.php?image=/images/milldev/6.jpg&username=milldev HTTP/1.1" 200 312
::1 - - [21/Nov/2022:11:27:57 -0600] "GET /photodetail.php?image=/images/milldev/6.jpg&username=milldev HTTP/1.1" 200 317
::1 - - [21/Nov/2022:11:28:57 -0600] "-" 408 -
::1 - - [21/Nov/2022:11:30:03 -0600] "GET /photodetail.php?image=/images/milldev/6.jpg&username=milldev HTTP/1.1" 200 317
::1 - - [21/Nov/2022:11:30:04 -0600] "GET /mainpage.php HTTP/1.1" 200 1036
::1 - - [21/Nov/2022:11:30:04 -0600] "GET /images//Untitled.png HTTP/1.1" 200 235596
::1 - - [21/Nov/2022:11:30:06 -0600] "GET /mainpage.php HTTP/1.1" 200 1036
::1 - - [21/Nov/2022:11:30:26 -0600] "GET /mainpage.php HTTP/1.1" 200 1036
::1 - - [21/Nov/2022:11:31:26 -0600] "-" 408 -
::1 - - [21/Nov/2022:11:36:44 -0600] "GET /mainpage.php HTTP/1.1" 200 1177
::1 - - [21/Nov/2022:11:37:27 -0600] "GET /mainpage.php HTTP/1.1" 200 1177
::1 - - [21/Nov/2022:11:37:30 -0600] "GET /photodetail.php?image=/images//Untitled.png&username= HTTP/1.1" 200 310
::1 - - [21/Nov/2022:11:37:30 -0600] "GET /photodetail.php?image=/images//Untitled.png&username= HTTP/1.1" 200 310
::1 - - [21/Nov/2022:11:38:02 -0600] "GET /photodetail.php?image=/images//Untitled.png&username= HTTP/1.1" 200 310
::1 - - [21/Nov/2022:11:38:14 -0600] "GET /upload.php? HTTP/1.1" 200 733
::1 - - [21/Nov/2022:11:39:14 -0600] "-" 408 -
::1 - - [21/Nov/2022:11:39:53 -0600] "GET /upload.php? HTTP/1.1" 200 733
::1 - - [21/Nov/2022:11:39:55 -0600] "GET /mainpage.php HTTP/1.1" 200 1177
::1 - - [21/Nov/2022:11:39:55 -0600] "GET /images//Untitled.png HTTP/1.1" 304 -
::1 - - [21/Nov/2022:11:39:56 -0600] "GET /upload.php? HTTP/1.1" 200 733
::1 - - [21/Nov/2022:11:39:57 -0600] "GET /mainpage.php HTTP/1.1" 200 1177
::1 - - [21/Nov/2022:11:39:58 -0600] "GET /search.php? HTTP/1.1" 200 323
::1 - - [21/Nov/2022:11:39:59 -0600] "GET /mainpage.php HTTP/1.1" 200 1177
::1 - - [21/Nov/2022:11:40:00 -0600] "GET /login.php? HTTP/1.1" 200 273
::1 - - [21/Nov/2022:11:40:53 -0600] "-" 408 -
::1 - - [21/Nov/2022:11:43:50 -0600] "GET /mainpage.php HTTP/1.1" 200 1073
::1 - - [21/Nov/2022:11:43:52 -0600] "GET /mainpage.php HTTP/1.1" 200 1073
::1 - - [21/Nov/2022:11:43:52 -0600] "GET /mainpage.php HTTP/1.1" 200 1073
::1 - - [21/Nov/2022:11:44:50 -0600] "-" 408 -
::1 - - [21/Nov/2022:11:45:01 -0600] "GET /mainpage.php HTTP/1.1" 200 2288
::1 - - [21/Nov/2022:11:45:01 -0600] "GET /images/milldev/6.jpg HTTP/1.1" 304 -
::1 - - [21/Nov/2022:11:45:01 -0600] "GET /images/milldev/0.png HTTP/1.1" 304 -
::1 - - [21/Nov/2022:11:45:01 -0600] "GET /images/milldev/1.png HTTP/1.1" 304 -
::1 - - [21/Nov/2022:11:45:01 -0600] "GET /images/milldev/3.png HTTP/1.1" 304 -
::1 - - [21/Nov/2022:11:45:01 -0600] "GET /images/milldev/2.png HTTP/1.1" 304 -
::1 - - [21/Nov/2022:11:45:01 -0600] "GET /images/milldev/4.png HTTP/1.1" 304 -
::1 - - [21/Nov/2022:11:45:01 -0600] "GET /images/milldev/5.png HTTP/1.1" 304 -
::1 - - [21/Nov/2022:11:45:07 -0600] "GET /photodetail.php?image=/images/milldev/6.jpg&username=milldev HTTP/1.1" 200 317
::1 - - [21/Nov/2022:11:45:45 -0600] "GET /photodetail.php?image=/images/milldev/6.jpg&username=milldev HTTP/1.1" 200 373
::1 - - [21/Nov/2022:11:45:46 -0600] "GET /mainpage.php HTTP/1.1" 200 2288
::1 - - [21/Nov/2022:11:45:47 -0600] "GET /photodetail.php?image=/images/milldev/0.png&username=milldev HTTP/1.1" 200 373
::1 - - [21/Nov/2022:11:45:49 -0600] "GET /mainpage.php HTTP/1.1" 200 2288
::1 - - [21/Nov/2022:11:45:50 -0600] "GET /photodetail.php?image=/images/milldev/1.png&username=milldev HTTP/1.1" 200 373
::1 - - [21/Nov/2022:11:45:51 -0600] "GET /mainpage.php HTTP/1.1" 200 2288
::1 - - [21/Nov/2022:11:45:52 -0600] "GET /photodetail.php?image=/images/milldev/2.png&username=milldev HTTP/1.1" 200 373
::1 - - [21/Nov/2022:11:45:53 -0600] "GET /mainpage.php HTTP/1.1" 200 2288
::1 - - [21/Nov/2022:11:45:55 -0600] "GET /photodetail.php?image=/images/milldev/0.png&username=milldev HTTP/1.1" 200 373
::1 - - [21/Nov/2022:11:45:57 -0600] "GET /mainpage.php HTTP/1.1" 200 2288
::1 - - [21/Nov/2022:11:46:04 -0600] "GET /photodetail.php?image=/images/milldev/6.jpg&username=milldev HTTP/1.1" 200 373
::1 - - [21/Nov/2022:11:46:06 -0600] "GET /mainpage.php HTTP/1.1" 200 2288
::1 - - [21/Nov/2022:11:46:23 -0600] "GET /mainpage.php HTTP/1.1" 200 2288
::1 - - [21/Nov/2022:11:46:24 -0600] "GET /photodetail.php?image=/images/milldev/6.jpg&username=milldev HTTP/1.1" 200 373
::1 - - [21/Nov/2022:11:46:26 -0600] "GET /mainpage.php HTTP/1.1" 200 2288
::1 - - [21/Nov/2022:11:46:26 -0600] "GET /mainpage.php HTTP/1.1" 200 2288
::1 - - [21/Nov/2022:11:46:27 -0600] "GET /photodetail.php?image=/images/milldev/6.jpg&username=milldev HTTP/1.1" 200 373
::1 - - [21/Nov/2022:11:46:28 -0600] "GET /mainpage.php HTTP/1.1" 200 2288
::1 - - [21/Nov/2022:11:46:30 -0600] "GET /photodetail.php?image=/images/milldev/0.png&username=milldev HTTP/1.1" 200 373
::1 - - [21/Nov/2022:11:46:31 -0600] "GET /photodetail.php?image=/images/milldev/0.png&username=milldev HTTP/1.1" 200 373
::1 - - [21/Nov/2022:11:46:32 -0600] "GET /photodetail.php?image=/images/milldev/0.png&username=milldev HTTP/1.1" 200 373
::1 - - [21/Nov/2022:11:46:32 -0600] "GET /mainpage.php HTTP/1.1" 200 2288
::1 - - [21/Nov/2022:11:46:56 -0600] "GET /mainpage.php HTTP/1.1" 200 2288
::1 - - [21/Nov/2022:11:46:57 -0600] "GET /photodetail.php?image=/images/milldev/6.jpg&username=milldev HTTP/1.1" 200 384
::1 - - [21/Nov/2022:11:46:58 -0600] "GET /mainpage.php HTTP/1.1" 200 2288
::1 - - [21/Nov/2022:11:47:04 -0600] "GET /photodetail.php?image=/images/milldev/6.jpg&username=milldev HTTP/1.1" 200 384
::1 - - [21/Nov/2022:11:47:06 -0600] "GET /mainpage.php HTTP/1.1" 200 2288
::1 - - [21/Nov/2022:11:47:23 -0600] "GET /upload.php? HTTP/1.1" 200 880
::1 - - [21/Nov/2022:11:48:03 -0600] "GET /upload.php? HTTP/1.1" 200 880
::1 - - [21/Nov/2022:11:48:05 -0600] "GET /upload.php? HTTP/1.1" 200 880
::1 - - [21/Nov/2022:11:48:08 -0600] "GET /mainpage.php HTTP/1.1" 200 2288
::1 - - [21/Nov/2022:11:48:11 -0600] "GET /upload.php? HTTP/1.1" 200 880
::1 - - [21/Nov/2022:11:48:17 -0600] "GET /photodetail.php?image=/images/milldev/6.jpg&username=milldev HTTP/1.1" 200 384
::1 - - [21/Nov/2022:11:48:47 -0600] "GET /upload.php? HTTP/1.1" 200 880
::1 - - [21/Nov/2022:11:49:35 -0600] "GET /upload.php? HTTP/1.1" 200 880
::1 - - [21/Nov/2022:11:49:37 -0600] "GET /mainpage.php HTTP/1.1" 200 2346
::1 - - [21/Nov/2022:11:49:38 -0600] "GET /upload.php?username=milldev HTTP/1.1" 200 768
::1 - - [21/Nov/2022:11:49:43 -0600] "GET /mainpage.php HTTP/1.1" 200 2346
::1 - - [21/Nov/2022:11:50:35 -0600] "GET /mainpage.php HTTP/1.1" 200 2087
::1 - - [21/Nov/2022:11:50:48 -0600] "GET /mainpage.php HTTP/1.1" 200 2100
::1 - - [21/Nov/2022:11:50:51 -0600] "GET /upload.php?username=milldev HTTP/1.1" 200 768
::1 - - [21/Nov/2022:11:50:52 -0600] "GET /mainpage.php HTTP/1.1" 200 2100
::1 - - [21/Nov/2022:11:50:54 -0600] "GET /upload.php?username=milldev HTTP/1.1" 200 768
::1 - - [21/Nov/2022:11:50:55 -0600] "GET /mainpage.php HTTP/1.1" 200 2100
::1 - - [21/Nov/2022:11:50:58 -0600] "GET /upload.php?username=milldev HTTP/1.1" 200 768
::1 - - [21/Nov/2022:11:51:15 -0600] "POST /fileUploadScript.php?username=milldev HTTP/1.1" 200 181
::1 - - [21/Nov/2022:11:51:25 -0600] "GET /upload.html HTTP/1.1" 404 196
::1 - - [21/Nov/2022:11:51:45 -0600] "GET /mainpage.php HTTP/1.1" 200 2320
::1 - - [21/Nov/2022:11:51:45 -0600] "GET /images/milldev/7.jpg HTTP/1.1" 200 5422
::1 - - [21/Nov/2022:11:52:17 -0600] "GET /mainpage.php HTTP/1.1" 200 2312
::1 - - [21/Nov/2022:11:52:17 -0600] "GET /images/milldev/6.jpg HTTP/1.1" 304 -
::1 - - [21/Nov/2022:11:52:17 -0600] "GET /images/milldev/7.jpg HTTP/1.1" 304 -
::1 - - [21/Nov/2022:11:52:18 -0600] "GET /photodetail.php?image=/images/milldev/1.png&username=milldev HTTP/1.1" 200 384
::1 - - [21/Nov/2022:11:52:20 -0600] "GET /mainpage.php HTTP/1.1" 200 2312
::1 - - [21/Nov/2022:11:52:20 -0600] "GET /photodetail.php?image=/images/milldev/6.jpg&username=milldev HTTP/1.1" 200 384
::1 - - [21/Nov/2022:11:52:21 -0600] "GET /mainpage.php HTTP/1.1" 200 2312
::1 - - [21/Nov/2022:11:52:22 -0600] "GET /photodetail.php?image=/images/milldev/7.jpg&username=milldev HTTP/1.1" 200 384
::1 - - [21/Nov/2022:11:52:23 -0600] "GET /mainpage.php HTTP/1.1" 200 2312
::1 - - [21/Nov/2022:11:52:23 -0600] "GET /images/milldev/7.jpg HTTP/1.1" 304 -
::1 - - [21/Nov/2022:11:52:26 -0600] "GET /photodetail.php?image=/images/milldev/6.jpg&username=milldev HTTP/1.1" 200 384
::1 - - [21/Nov/2022:11:52:27 -0600] "GET /mainpage.php HTTP/1.1" 200 2312
::1 - - [21/Nov/2022:11:52:44 -0600] "GET /mainpage.php HTTP/1.1" 200 883
::1 - - [21/Nov/2022:11:52:44 -0600] "GET /images//Untitled.png HTTP/1.1" 304 -
::1 - - [21/Nov/2022:11:52:47 -0600] "GET /photodetail.php?image=/images//Untitled.png&username= HTTP/1.1" 200 377
::1 - - [21/Nov/2022:11:53:03 -0600] "GET /mainpage.php HTTP/1.1" 200 672
::1 - - [21/Nov/2022:11:53:05 -0600] "GET /mainpage.php HTTP/1.1" 200 672
::1 - - [21/Nov/2022:11:53:34 -0600] "GET /mainpage.php HTTP/1.1" 200 672
::1 - - [21/Nov/2022:11:54:06 -0600] "GET / HTTP/1.1" 200 659
::1 - - [21/Nov/2022:11:55:06 -0600] "-" 408 -
::1 - - [21/Nov/2022:11:56:09 -0600] "GET / HTTP/1.1" 200 659
::1 - - [21/Nov/2022:11:56:22 -0600] "GET /photodetail.php HTTP/1.1" 200 601
::1 - - [21/Nov/2022:11:56:24 -0600] "GET /mainpage.php HTTP/1.1" 200 672
::1 - - [21/Nov/2022:11:56:36 -0600] "GET /mainpage.php HTTP/1.1" 200 672
::1 - - [21/Nov/2022:11:56:39 -0600] "GET /photodetail.php HTTP/1.1" 200 601
::1 - - [21/Nov/2022:11:56:51 -0600] "GET /login.php HTTP/1.1" 200 273
::1 - - [21/Nov/2022:11:56:54 -0600] "GET /search.php HTTP/1.1" 200 324
::1 - - [21/Nov/2022:11:56:56 -0600] "GET /upload.php HTTP/1.1" 200 880
::1 - - [21/Nov/2022:11:57:51 -0600] "-" 408 -
::1 - - [21/Nov/2022:12:00:23 -0600] "GET / HTTP/1.1" 200 273
::1 - - [21/Nov/2022:12:01:23 -0600] "-" 408 -
::1 - - [21/Nov/2022:12:03:26 -0600] "GET / HTTP/1.1" 200 586
::1 - - [21/Nov/2022:12:03:27 -0600] "GET /mainpage.php HTTP/1.1" 200 672
::1 - - [21/Nov/2022:12:03:32 -0600] "GET /login.php HTTP/1.1" 200 586
