AH00558: httpd: Could not reliably determine the server's fully qualified domain name, using fe80::1835:d920:57d6:ea4d. Set the 'ServerName' directive globally to suppress this message
[Fri Nov 18 09:19:30.505287 2022] [mpm_winnt:notice] [pid 82732:tid 332] AH00455: Apache/2.4.54 (Win64) configured -- resuming normal operations
[Fri Nov 18 09:19:30.506266 2022] [mpm_winnt:notice] [pid 82732:tid 332] AH00456: Apache Lounge VS17 Server built: Nov 10 2022 11:16:17
[Fri Nov 18 09:19:30.506266 2022] [core:notice] [pid 82732:tid 332] AH00094: Command line: 'httpd -d C:/Apache24'
[Fri Nov 18 09:19:30.510170 2022] [mpm_winnt:notice] [pid 82732:tid 332] AH00418: Parent: Created child process 67580
AH00558: httpd.exe: Could not reliably determine the server's fully qualified domain name, using fe80::1835:d920:57d6:ea4d. Set the 'ServerName' directive globally to suppress this message
Apache server shutdown initiated...
ly determine the server's fully qualified domain name, using fe80::1835:d920:57d6:ea4d. Set the 'ServerName' directive globally to suppress this message
[Fri Nov 18 09:19:32.982385 2022] [mpm_winnt:notice] [pid 67580:tid 180] AH00354: Child: Starting 64 worker threads.
[Fri Nov 18 09:25:17.431195 2022] [mpm_winnt:notice] [pid 82732:tid 332] AH00422: Parent: Received shutdown signal -- Shutting down the server.
[Fri Nov 18 09:25:19.434215 2022] [mpm_winnt:notice] [pid 67580:tid 180] AH00364: Child: All worker threads have exited.
[Fri Nov 18 09:25:19.455657 2022] [mpm_winnt:notice] [pid 82732:tid 332] AH00430: Parent: Child process 67580 exited successfully.
AH00558: httpd: Could not reliably determine the server's fully qualified domain name, using fe80::1835:d920:57d6:ea4d. Set the 'ServerName' directive globally to suppress this message
[Fri Nov 18 09:40:05.680535 2022] [mpm_winnt:notice] [pid 95012:tid 328] AH00455: Apache/2.4.54 (Win64) PHP/8.1.12 configured -- resuming normal operations
[Fri Nov 18 09:40:05.680535 2022] [mpm_winnt:notice] [pid 95012:tid 328] AH00456: Apache Lounge VS17 Server built: Nov 10 2022 11:16:17
[Fri Nov 18 09:40:05.680535 2022] [core:notice] [pid 95012:tid 328] AH00094: Command line: 'httpd -d C:/Apache24'
[Fri Nov 18 09:40:05.683425 2022] [mpm_winnt:notice] [pid 95012:tid 328] AH00418: Parent: Created child process 96336
AH00558: httpd.exe: Could not reliably determine the server's fully qualified domain name, using fe80::1835:d920:57d6:ea4d. Set the 'ServerName' directive globally to suppress this message
Apache server interrupted...
 reliably determine the server's fully qualified domain name, using fe80::1835:d920:57d6:ea4d. Set the 'ServerName' directive globally to suppress this message
[Fri Nov 18 09:40:08.032529 2022] [mpm_winnt:notice] [pid 96336:tid 328] AH00354: Child: Starting 64 worker threads.
[Fri Nov 18 09:42:46.065400 2022] [mpm_winnt:notice] [pid 95012:tid 328] AH00422: Parent: Received shutdown signal -- Shutting down the server.
Apache server interrupted...
Apache server interrupted...
Apache server interrupted...
Apache server interrupted...
Apache server interrupted...
Apache server interrupted...
Apache server interrupted...
Apache server interrupted...
[Fri Nov 18 09:42:48.066667 2022] [mpm_winnt:notice] [pid 96336:tid 328] AH00364: Child: All worker threads have exited.
[Fri Nov 18 09:42:48.091134 2022] [mpm_winnt:notice] [pid 95012:tid 328] AH00430: Parent: Child process 96336 exited successfully.
Apache server interrupted...
AH00558: httpd: Could not reliably determine the server's fully qualified domain name, using fe80::1835:d920:57d6:ea4d. Set the 'ServerName' directive globally to suppress this message
[Fri Nov 18 09:42:53.629570 2022] [mpm_winnt:notice] [pid 94320:tid 328] AH00455: Apache/2.4.54 (Win64) PHP/8.1.12 configured -- resuming normal operations
[Fri Nov 18 09:42:53.629570 2022] [mpm_winnt:notice] [pid 94320:tid 328] AH00456: Apache Lounge VS17 Server built: Nov 10 2022 11:16:17
[Fri Nov 18 09:42:53.629570 2022] [core:notice] [pid 94320:tid 328] AH00094: Command line: 'httpd -d C:/Apache24'
[Fri Nov 18 09:42:53.632503 2022] [mpm_winnt:notice] [pid 94320:tid 328] AH00418: Parent: Created child process 90804
AH00558: httpd.exe: Could not reliably determine the server's fully qualified domain name, using fe80::1835:d920:57d6:ea4d. Set the 'ServerName' directive globally to suppress this message
Apache server interrupted...
 reliably determine the server's fully qualified domain name, using fe80::1835:d920:57d6:ea4d. Set the 'ServerName' directive globally to suppress this message
[Fri Nov 18 09:42:56.077438 2022] [mpm_winnt:notice] [pid 90804:tid 336] AH00354: Child: Starting 64 worker threads.
[Fri Nov 18 09:43:15.135473 2022] [php:notice] [pid 90804:tid 1288] [client ::1:58701] PHP Notice:  Only variables should be passed by reference in C:\\Apache24\\htdocs\\fileUploadScript.php on line 13, referer: http://localhost/
[Fri Nov 18 09:54:51.731013 2022] [php:error] [pid 90804:tid 1316] [client ::1:59539] PHP Fatal error:  Uncaught TypeError: Unsupported operand types: string + string in C:\\Apache24\\htdocs\\fileUploadScript.php:6\nStack trace:\n#0 {main}\n  thrown in C:\\Apache24\\htdocs\\fileUploadScript.php on line 6, referer: http://localhost/
[Fri Nov 18 09:55:15.467530 2022] [php:error] [pid 90804:tid 1288] [client ::1:59540] PHP Fatal error:  Uncaught TypeError: Unsupported operand types: string + string in C:\\Apache24\\htdocs\\fileUploadScript.php:6\nStack trace:\n#0 {main}\n  thrown in C:\\Apache24\\htdocs\\fileUploadScript.php on line 6, referer: http://localhost/
[Fri Nov 18 09:55:46.874592 2022] [php:notice] [pid 90804:tid 1316] [client ::1:59561] PHP Notice:  Only variables should be passed by reference in C:\\Apache24\\htdocs\\fileUploadScript.php on line 19, referer: http://localhost/
[Fri Nov 18 09:55:53.382005 2022] [php:notice] [pid 90804:tid 1288] [client ::1:59571] PHP Notice:  Only variables should be passed by reference in C:\\Apache24\\htdocs\\fileUploadScript.php on line 19, referer: http://localhost/
[Fri Nov 18 09:59:22.666166 2022] [php:notice] [pid 90804:tid 1288] [client ::1:60372] PHP Notice:  Only variables should be passed by reference in C:\\Apache24\\htdocs\\fileUploadScript.php on line 30, referer: http://localhost/
[Fri Nov 18 10:00:18.490125 2022] [php:notice] [pid 90804:tid 1316] [client ::1:60373] PHP Notice:  Only variables should be passed by reference in C:\\Apache24\\htdocs\\fileUploadScript.php on line 30, referer: http://localhost/
[Fri Nov 18 10:01:55.879899 2022] [php:notice] [pid 90804:tid 1288] [client ::1:60693] PHP Notice:  Only variables should be passed by reference in C:\\Apache24\\htdocs\\fileUploadScript.php on line 33, referer: http://localhost/
[Fri Nov 18 10:02:04.821252 2022] [php:notice] [pid 90804:tid 1316] [client ::1:60694] PHP Notice:  Only variables should be passed by reference in C:\\Apache24\\htdocs\\fileUploadScript.php on line 33, referer: http://localhost/
[Fri Nov 18 10:04:04.407217 2022] [php:notice] [pid 90804:tid 1288] [client ::1:60952] PHP Notice:  Only variables should be passed by reference in C:\\Apache24\\htdocs\\fileUploadScript.php on line 21, referer: http://localhost/
[Fri Nov 18 10:04:39.269820 2022] [php:notice] [pid 90804:tid 1316] [client ::1:60957] PHP Notice:  Only variables should be passed by reference in C:\\Apache24\\htdocs\\fileUploadScript.php on line 21, referer: http://localhost/
[Fri Nov 18 10:04:58.100950 2022] [php:notice] [pid 90804:tid 1288] [client ::1:60961] PHP Notice:  Only variables should be passed by reference in C:\\Apache24\\htdocs\\fileUploadScript.php on line 21, referer: http://localhost/
[Fri Nov 18 10:16:48.209517 2022] [mpm_winnt:notice] [pid 94320:tid 328] AH00422: Parent: Received shutdown signal -- Shutting down the server.
Apache server interrupted...
Apache server interrupted...
Apache server interrupted...
Apache server interrupted...
Apache server interrupted...
Apache server interrupted...
Apache server interrupted...
Apache server interrupted...
Apache server interrupted...
Apache server interrupted...
Apache server interrupted...
Apache server interrupted...
Apache server interrupted...
Apache server interrupted...
Apache server interrupted...
Apache server interrupted...
Apache server interrupted...
Apache server interrupted...
Apache server interrupted...
Apache server interrupted...
Apache server interrupted...
Apache server interrupted...
Apache server interrupted...
[Fri Nov 18 10:17:02.983189 2022] [mpm_winnt:notice] [pid 90804:tid 336] AH00364: Child: All worker threads have exited.
[Fri Nov 18 10:17:03.021350 2022] [mpm_winnt:notice] [pid 94320:tid 328] AH00430: Parent: Child process 90804 exited successfully.
AH00558: httpd: Could not reliably determine the server's fully qualified domain name, using fe80::1835:d920:57d6:ea4d. Set the 'ServerName' directive globally to suppress this message
[Fri Nov 18 10:17:20.770623 2022] [mpm_winnt:notice] [pid 92932:tid 328] AH00455: Apache/2.4.54 (Win64) PHP/8.1.12 configured -- resuming normal operations
[Fri Nov 18 10:17:20.770623 2022] [mpm_winnt:notice] [pid 92932:tid 328] AH00456: Apache Lounge VS17 Server built: Nov 10 2022 11:16:17
[Fri Nov 18 10:17:20.770623 2022] [core:notice] [pid 92932:tid 328] AH00094: Command line: 'httpd -d C:/Apache24'
[Fri Nov 18 10:17:20.774487 2022] [mpm_winnt:notice] [pid 92932:tid 328] AH00418: Parent: Created child process 91432
AH00558: httpd.exe: Could not reliably determine the server's fully qualified domain name, using fe80::1835:d920:57d6:ea4d. Set the 'ServerName' directive globally to suppress this message
Apache server interrupted...
 reliably determine the server's fully qualified domain name, using fe80::1835:d920:57d6:ea4d. Set the 'ServerName' directive globally to suppress this message
[Fri Nov 18 10:17:23.312853 2022] [mpm_winnt:notice] [pid 91432:tid 336] AH00354: Child: Starting 64 worker threads.
[Fri Nov 18 10:53:24.929369 2022] [php:error] [pid 91432:tid 1288] [client ::1:61031] PHP Parse error:  Unclosed '{' on line 55 does not match ')' in C:\\Apache24\\htdocs\\fileUploadScript.php on line 60, referer: http://localhost/
[Fri Nov 18 10:54:10.066796 2022] [php:notice] [pid 91432:tid 1288] [client ::1:61167] PHP Notice:  Only variables should be passed by reference in C:\\Apache24\\htdocs\\fileUploadScript.php on line 22, referer: http://localhost/
[Fri Nov 18 10:54:10.069728 2022] [php:warn] [pid 91432:tid 1288] [client ::1:61167] PHP Warning:  Undefined variable $line in C:\\Apache24\\htdocs\\fileUploadScript.php on line 68, referer: http://localhost/
[Fri Nov 18 10:54:10.069728 2022] [php:notice] [pid 91432:tid 1288] [client ::1:61167] PHP Deprecated:  str_replace(): Passing null to parameter #3 ($subject) of type array|string is deprecated in C:\\Apache24\\htdocs\\fileUploadScript.php on line 68, referer: http://localhost/
[Fri Nov 18 10:54:10.069728 2022] [php:error] [pid 91432:tid 1288] [client ::1:61167] PHP Fatal error:  Uncaught TypeError: array_push(): Argument #1 ($array) must be of type array, string given in C:\\Apache24\\htdocs\\fileUploadScript.php:76\nStack trace:\n#0 C:\\Apache24\\htdocs\\fileUploadScript.php(76): array_push('1,5', ',5')\n#1 {main}\n  thrown in C:\\Apache24\\htdocs\\fileUploadScript.php on line 76, referer: http://localhost/
[Fri Nov 18 10:56:15.108024 2022] [php:notice] [pid 91432:tid 1292] [client ::1:61529] PHP Notice:  Only variables should be passed by reference in C:\\Apache24\\htdocs\\fileUploadScript.php on line 22, referer: http://localhost/
[Fri Nov 18 10:56:15.109959 2022] [php:warn] [pid 91432:tid 1292] [client ::1:61529] PHP Warning:  Undefined variable $line in C:\\Apache24\\htdocs\\fileUploadScript.php on line 68, referer: http://localhost/
[Fri Nov 18 10:56:15.109959 2022] [php:notice] [pid 91432:tid 1292] [client ::1:61529] PHP Deprecated:  str_replace(): Passing null to parameter #3 ($subject) of type array|string is deprecated in C:\\Apache24\\htdocs\\fileUploadScript.php on line 68, referer: http://localhost/
[Fri Nov 18 10:56:15.109959 2022] [php:error] [pid 91432:tid 1292] [client ::1:61529] PHP Fatal error:  Uncaught TypeError: count(): Argument #1 ($value) must be of type Countable|array, string given in C:\\Apache24\\htdocs\\fileUploadScript.php:76\nStack trace:\n#0 {main}\n  thrown in C:\\Apache24\\htdocs\\fileUploadScript.php on line 76, referer: http://localhost/
[Fri Nov 18 10:56:30.863058 2022] [php:notice] [pid 91432:tid 1288] [client ::1:61530] PHP Notice:  Only variables should be passed by reference in C:\\Apache24\\htdocs\\fileUploadScript.php on line 22, referer: http://localhost/
[Fri Nov 18 10:57:17.907311 2022] [php:notice] [pid 91432:tid 1292] [client ::1:61563] PHP Notice:  Only variables should be passed by reference in C:\\Apache24\\htdocs\\fileUploadScript.php on line 22, referer: http://localhost/
[Fri Nov 18 10:59:02.984076 2022] [php:notice] [pid 91432:tid 1292] [client ::1:61893] PHP Notice:  Only variables should be passed by reference in C:\\Apache24\\htdocs\\fileUploadScript.php on line 22, referer: http://localhost/
[Fri Nov 18 10:59:02.987007 2022] [php:warn] [pid 91432:tid 1292] [client ::1:61893] PHP Warning:  file(C:\\Apache24\\htdocs/images/milldev/index.txt): Failed to open stream: No such file or directory in C:\\Apache24\\htdocs\\fileUploadScript.php on line 64, referer: http://localhost/
[Fri Nov 18 10:59:02.987007 2022] [php:warn] [pid 91432:tid 1292] [client ::1:61893] PHP Warning:  foreach() argument must be of type array|object, bool given in C:\\Apache24\\htdocs\\fileUploadScript.php on line 70, referer: http://localhost/
[Fri Nov 18 10:59:02.987007 2022] [php:error] [pid 91432:tid 1292] [client ::1:61893] PHP Fatal error:  Uncaught TypeError: count(): Argument #1 ($value) must be of type Countable|array, bool given in C:\\Apache24\\htdocs\\fileUploadScript.php:79\nStack trace:\n#0 {main}\n  thrown in C:\\Apache24\\htdocs\\fileUploadScript.php on line 79, referer: http://localhost/
[Fri Nov 18 10:59:34.938566 2022] [php:notice] [pid 91432:tid 1288] [client ::1:61894] PHP Notice:  Only variables should be passed by reference in C:\\Apache24\\htdocs\\fileUploadScript.php on line 22, referer: http://localhost/
[Fri Nov 18 10:59:34.939540 2022] [php:error] [pid 91432:tid 1288] [client ::1:61894] PHP Fatal error:  Uncaught ValueError: fread(): Argument #2 ($length) must be greater than 0 in C:\\Apache24\\htdocs\\fileUploadScript.php:44\nStack trace:\n#0 C:\\Apache24\\htdocs\\fileUploadScript.php(44): fread(Resource id #3, 0)\n#1 {main}\n  thrown in C:\\Apache24\\htdocs\\fileUploadScript.php on line 44, referer: http://localhost/
[Fri Nov 18 11:00:49.915872 2022] [php:notice] [pid 91432:tid 1292] [client ::1:62562] PHP Notice:  Only variables should be passed by reference in C:\\Apache24\\htdocs\\fileUploadScript.php on line 22, referer: http://localhost/
[Fri Nov 18 11:00:49.915872 2022] [php:error] [pid 91432:tid 1292] [client ::1:62562] PHP Fatal error:  Uncaught ValueError: fread(): Argument #2 ($length) must be greater than 0 in C:\\Apache24\\htdocs\\fileUploadScript.php:44\nStack trace:\n#0 C:\\Apache24\\htdocs\\fileUploadScript.php(44): fread(Resource id #3, 0)\n#1 {main}\n  thrown in C:\\Apache24\\htdocs\\fileUploadScript.php on line 44, referer: http://localhost/
[Fri Nov 18 11:02:09.054215 2022] [php:notice] [pid 91432:tid 1288] [client ::1:62894] PHP Notice:  Only variables should be passed by reference in C:\\Apache24\\htdocs\\fileUploadScript.php on line 22, referer: http://localhost/
[Fri Nov 18 11:02:09.057145 2022] [php:warn] [pid 91432:tid 1288] [client ::1:62894] PHP Warning:  file(C:\\Apache24\\htdocs/images/milldev/index.txt): Failed to open stream: No such file or directory in C:\\Apache24\\htdocs\\fileUploadScript.php on line 62, referer: http://localhost/
[Fri Nov 18 11:02:09.057145 2022] [php:warn] [pid 91432:tid 1288] [client ::1:62894] PHP Warning:  foreach() argument must be of type array|object, bool given in C:\\Apache24\\htdocs\\fileUploadScript.php on line 68, referer: http://localhost/
[Fri Nov 18 11:02:09.057145 2022] [php:error] [pid 91432:tid 1288] [client ::1:62894] PHP Fatal error:  Uncaught TypeError: count(): Argument #1 ($value) must be of type Countable|array, bool given in C:\\Apache24\\htdocs\\fileUploadScript.php:77\nStack trace:\n#0 {main}\n  thrown in C:\\Apache24\\htdocs\\fileUploadScript.php on line 77, referer: http://localhost/
[Fri Nov 18 11:03:00.310297 2022] [php:notice] [pid 91432:tid 1292] [client ::1:62895] PHP Notice:  Only variables should be passed by reference in C:\\Apache24\\htdocs\\fileUploadScript.php on line 22, referer: http://localhost/
[Fri Nov 18 11:03:00.310297 2022] [php:error] [pid 91432:tid 1292] [client ::1:62895] PHP Fatal error:  Uncaught TypeError: Unsupported operand types: string + int in C:\\Apache24\\htdocs\\fileUploadScript.php:44\nStack trace:\n#0 {main}\n  thrown in C:\\Apache24\\htdocs\\fileUploadScript.php on line 44, referer: http://localhost/
[Fri Nov 18 11:04:24.794965 2022] [php:notice] [pid 91432:tid 1288] [client ::1:63184] PHP Notice:  Only variables should be passed by reference in C:\\Apache24\\htdocs\\fileUploadScript.php on line 22, referer: http://localhost/
[Fri Nov 18 11:05:38.582864 2022] [php:error] [pid 91432:tid 1292] [client ::1:63593] PHP Parse error:  syntax error, unexpected token "if", expecting "," or ";" in C:\\Apache24\\htdocs\\fileUploadScript.php on line 79, referer: http://localhost/
[Fri Nov 18 11:05:47.798272 2022] [php:notice] [pid 91432:tid 1288] [client ::1:63594] PHP Notice:  Only variables should be passed by reference in C:\\Apache24\\htdocs\\fileUploadScript.php on line 22, referer: http://localhost/
[Fri Nov 18 11:06:22.692805 2022] [php:notice] [pid 91432:tid 1292] [client ::1:63602] PHP Notice:  Only variables should be passed by reference in C:\\Apache24\\htdocs\\fileUploadScript.php on line 22, referer: http://localhost/
[Fri Nov 18 11:08:50.486882 2022] [php:notice] [pid 91432:tid 1288] [client ::1:64166] PHP Notice:  Only variables should be passed by reference in C:\\Apache24\\htdocs\\fileUploadScript.php on line 22, referer: http://localhost/
[Fri Nov 18 11:10:57.389827 2022] [php:notice] [pid 91432:tid 1292] [client ::1:64466] PHP Notice:  Only variables should be passed by reference in C:\\Apache24\\htdocs\\fileUploadScript.php on line 22, referer: http://localhost/
[Fri Nov 18 11:11:19.996848 2022] [php:notice] [pid 91432:tid 1288] [client ::1:64467] PHP Notice:  Only variables should be passed by reference in C:\\Apache24\\htdocs\\fileUploadScript.php on line 22, referer: http://localhost/
[Fri Nov 18 11:11:50.472864 2022] [php:notice] [pid 91432:tid 1292] [client ::1:64610] PHP Notice:  Only variables should be passed by reference in C:\\Apache24\\htdocs\\fileUploadScript.php on line 22, referer: http://localhost/
[Fri Nov 18 11:13:23.036256 2022] [php:notice] [pid 91432:tid 1288] [client ::1:49172] PHP Notice:  Only variables should be passed by reference in C:\\Apache24\\htdocs\\fileUploadScript.php on line 22, referer: http://localhost/
[Fri Nov 18 11:13:23.037230 2022] [php:error] [pid 91432:tid 1288] [client ::1:49172] PHP Fatal error:  Uncaught TypeError: Unsupported operand types: string + int in C:\\Apache24\\htdocs\\fileUploadScript.php:38\nStack trace:\n#0 {main}\n  thrown in C:\\Apache24\\htdocs\\fileUploadScript.php on line 38, referer: http://localhost/
[Fri Nov 18 11:13:47.223270 2022] [php:notice] [pid 91432:tid 1292] [client ::1:49173] PHP Notice:  Only variables should be passed by reference in C:\\Apache24\\htdocs\\fileUploadScript.php on line 22, referer: http://localhost/
[Fri Nov 18 11:14:06.809413 2022] [php:notice] [pid 91432:tid 1288] [client ::1:49184] PHP Notice:  Only variables should be passed by reference in C:\\Apache24\\htdocs\\fileUploadScript.php on line 22, referer: http://localhost/
[Fri Nov 18 11:15:53.765318 2022] [php:notice] [pid 91432:tid 1292] [client ::1:49623] PHP Notice:  Only variables should be passed by reference in C:\\Apache24\\htdocs\\fileUploadScript.php on line 22, referer: http://localhost/
[Fri Nov 18 11:16:38.143371 2022] [php:notice] [pid 91432:tid 1288] [client ::1:49624] PHP Notice:  Only variables should be passed by reference in C:\\Apache24\\htdocs\\fileUploadScript.php on line 22, referer: http://localhost/
[Fri Nov 18 11:18:28.451519 2022] [php:notice] [pid 91432:tid 1292] [client ::1:49986] PHP Notice:  Only variables should be passed by reference in C:\\Apache24\\htdocs\\fileUploadScript.php on line 23, referer: http://localhost/
[Fri Nov 18 11:19:07.038843 2022] [php:notice] [pid 91432:tid 1292] [client ::1:50067] PHP Notice:  Only variables should be passed by reference in C:\\Apache24\\htdocs\\fileUploadScript.php on line 23, referer: http://localhost/upload.html
[Fri Nov 18 11:23:09.642846 2022] [mpm_winnt:notice] [pid 92932:tid 328] AH00422: Parent: Received shutdown signal -- Shutting down the server.
Apache server interrupted...
Apache server interrupted...
Apache server interrupted...
Apache server interrupted...
Apache server interrupted...
Apache server interrupted...
Apache server interrupted...
Apache server interrupted...
Apache server interrupted...
Apache server interrupted...
022] [mpm_winnt:notice] [pid 91432:tid 336] AH00364: Child: All worker threads have exited.
[Fri Nov 18 11:23:11.677462 2022] [mpm_winnt:notice] [pid 92932:tid 328] AH00430: Parent: Child process 91432 exited successfully.
AH00558: httpd: Could not reliably determine the server's fully qualified domain name, using fe80::1835:d920:57d6:ea4d. Set the 'ServerName' directive globally to suppress this message
[Fri Nov 18 11:23:24.617867 2022] [mpm_winnt:notice] [pid 84844:tid 328] AH00455: Apache/2.4.54 (Win64) PHP/8.1.12 configured -- resuming normal operations
[Fri Nov 18 11:23:24.617867 2022] [mpm_winnt:notice] [pid 84844:tid 328] AH00456: Apache Lounge VS17 Server built: Nov 10 2022 11:16:17
[Fri Nov 18 11:23:24.617867 2022] [core:notice] [pid 84844:tid 328] AH00094: Command line: 'httpd -d C:/Apache24'
[Fri Nov 18 11:23:24.620752 2022] [mpm_winnt:notice] [pid 84844:tid 328] AH00418: Parent: Created child process 87012
AH00558: httpd.exe: Could not reliably determine the server's fully qualified domain name, using fe80::1835:d920:57d6:ea4d. Set the 'ServerName' directive globally to suppress this message
AH00558: httpd.exe: Could not reliably determine the server's fully qualified domain name, using fe80::1835:d920:57d6:ea4d. Set the 'ServerName' directive globally to suppress this message
[Fri Nov 18 11:23:26.985491 2022] [mpm_winnt:notice] [pid 87012:tid 336] AH00354: Child: Starting 64 worker threads.
[Fri Nov 18 11:23:51.805537 2022] [php:notice] [pid 87012:tid 1292] [client ::1:50758] PHP Notice:  Only variables should be passed by reference in C:\\Apache24\\htdocs\\fileUploadScript.php on line 23, referer: http://localhost/upload.html
[Mon Nov 21 10:13:28.845298 2022] [core:warn] [pid 17688:tid 428] AH00098: pid file C:/Apache24/logs/httpd.pid overwritten -- Unclean shutdown of previous Apache run?
[Mon Nov 21 10:13:28.878744 2022] [mpm_winnt:notice] [pid 17688:tid 428] AH00455: Apache/2.4.54 (Win64) PHP/8.1.12 configured -- resuming normal operations
[Mon Nov 21 10:13:28.878744 2022] [mpm_winnt:notice] [pid 17688:tid 428] AH00456: Apache Lounge VS17 Server built: Nov 10 2022 11:16:17
[Mon Nov 21 10:13:28.878744 2022] [core:notice] [pid 17688:tid 428] AH00094: Command line: 'C:\\Apache24\\bin\\httpd.exe -d C:/Apache24'
[Mon Nov 21 10:13:28.896252 2022] [mpm_winnt:notice] [pid 17688:tid 428] AH00418: Parent: Created child process 5000
Apache server interrupted...
022] [mpm_winnt:notice] [pid 5000:tid 444] AH00354: Child: Starting 64 worker threads.
[Mon Nov 21 10:35:50.707526 2022] [php:notice] [pid 5000:tid 780] [client ::1:64431] PHP Notice:  Only variables should be passed by reference in C:\\Apache24\\htdocs\\fileUploadScript.php on line 23, referer: http://localhost/upload.html?
[Mon Nov 21 10:36:57.683094 2022] [php:notice] [pid 5000:tid 780] [client ::1:64489] PHP Notice:  Only variables should be passed by reference in C:\\Apache24\\htdocs\\fileUploadScript.php on line 23, referer: http://localhost/upload.html?
[Mon Nov 21 10:46:27.287596 2022] [php:error] [pid 5000:tid 780] [client ::1:63749] PHP Parse error:  syntax error, unexpected variable "$image", expecting "," or ";" in C:\\Apache24\\htdocs\\displayImagesScript.php on line 11, referer: http://localhost/upload.html
[Mon Nov 21 10:46:40.345007 2022] [php:error] [pid 5000:tid 1368] [client ::1:63778] PHP Parse error:  syntax error, unexpected variable "$image", expecting "," or ";" in C:\\Apache24\\htdocs\\displayImagesScript.php on line 11, referer: http://localhost/upload.html
[Mon Nov 21 10:46:40.732059 2022] [php:error] [pid 5000:tid 1368] [client ::1:63778] PHP Parse error:  syntax error, unexpected variable "$image", expecting "," or ";" in C:\\Apache24\\htdocs\\displayImagesScript.php on line 11, referer: http://localhost/upload.html
[Mon Nov 21 10:46:40.874945 2022] [php:error] [pid 5000:tid 1368] [client ::1:63778] PHP Parse error:  syntax error, unexpected variable "$image", expecting "," or ";" in C:\\Apache24\\htdocs\\displayImagesScript.php on line 11, referer: http://localhost/upload.html
[Mon Nov 21 10:48:21.292189 2022] [php:error] [pid 5000:tid 780] [client ::1:62505] PHP Parse error:  syntax error, unexpected token "echo", expecting "," or ";" in C:\\Apache24\\htdocs\\displayImagesScript.php on line 12, referer: http://localhost/upload.html
[Mon Nov 21 10:48:21.986707 2022] [php:error] [pid 5000:tid 780] [client ::1:62505] PHP Parse error:  syntax error, unexpected token "echo", expecting "," or ";" in C:\\Apache24\\htdocs\\displayImagesScript.php on line 12, referer: http://localhost/upload.html
[Mon Nov 21 10:48:22.340782 2022] [php:error] [pid 5000:tid 780] [client ::1:62505] PHP Parse error:  syntax error, unexpected token "echo", expecting "," or ";" in C:\\Apache24\\htdocs\\displayImagesScript.php on line 12, referer: http://localhost/upload.html
[Mon Nov 21 10:48:22.477264 2022] [php:error] [pid 5000:tid 780] [client ::1:62505] PHP Parse error:  syntax error, unexpected token "echo", expecting "," or ";" in C:\\Apache24\\htdocs\\displayImagesScript.php on line 12, referer: http://localhost/upload.html
[Mon Nov 21 10:52:13.902339 2022] [php:error] [pid 5000:tid 1368] [client ::1:62677] PHP Parse error:  syntax error, unexpected variable "$image", expecting "," or ";" in C:\\Apache24\\htdocs\\displayImagesScript.php on line 14, referer: http://localhost/upload.html
[Mon Nov 21 10:52:28.733385 2022] [php:error] [pid 5000:tid 780] [client ::1:62704] PHP Parse error:  syntax error, unexpected single-quoted string ""/>", expecting "," or ";" in C:\\Apache24\\htdocs\\displayImagesScript.php on line 14, referer: http://localhost/upload.html
[Mon Nov 21 10:52:44.252256 2022] [php:error] [pid 5000:tid 1368] [client ::1:62715] PHP Parse error:  syntax error, unexpected token "echo", expecting "," or ";" in C:\\Apache24\\htdocs\\displayImagesScript.php on line 15, referer: http://localhost/upload.html
[Mon Nov 21 10:52:55.357878 2022] [php:error] [pid 5000:tid 780] [client ::1:62728] PHP Parse error:  syntax error, unexpected single-quoted string ""/>", expecting "," or ";" in C:\\Apache24\\htdocs\\displayImagesScript.php on line 14, referer: http://localhost/upload.html
[Mon Nov 21 10:52:58.008624 2022] [php:error] [pid 5000:tid 780] [client ::1:62728] PHP Parse error:  syntax error, unexpected single-quoted string ""/>", expecting "," or ";" in C:\\Apache24\\htdocs\\displayImagesScript.php on line 14, referer: http://localhost/upload.html
[Mon Nov 21 11:00:09.434365 2022] [php:error] [pid 5000:tid 780] [client ::1:63123] PHP Parse error:  syntax error, unexpected integer "400", expecting "," or ";" in C:\\Apache24\\htdocs\\displayImagesScript.php on line 11, referer: http://localhost/upload.html
[Mon Nov 21 11:02:39.591255 2022] [php:warn] [pid 5000:tid 1344] [client ::1:63270] PHP Warning:  Array to string conversion in C:\\Apache24\\htdocs\\displayImagesScript.php on line 11, referer: http://localhost/upload.html
[Mon Nov 21 11:02:39.592265 2022] [php:warn] [pid 5000:tid 1344] [client ::1:63270] PHP Warning:  Array to string conversion in C:\\Apache24\\htdocs\\displayImagesScript.php on line 11, referer: http://localhost/upload.html
[Mon Nov 21 11:02:39.592265 2022] [php:warn] [pid 5000:tid 1344] [client ::1:63270] PHP Warning:  Array to string conversion in C:\\Apache24\\htdocs\\displayImagesScript.php on line 11, referer: http://localhost/upload.html
[Mon Nov 21 11:02:39.593214 2022] [php:warn] [pid 5000:tid 1344] [client ::1:63270] PHP Warning:  Array to string conversion in C:\\Apache24\\htdocs\\displayImagesScript.php on line 11, referer: http://localhost/upload.html
[Mon Nov 21 11:02:39.594229 2022] [php:warn] [pid 5000:tid 1344] [client ::1:63270] PHP Warning:  Array to string conversion in C:\\Apache24\\htdocs\\displayImagesScript.php on line 11, referer: http://localhost/upload.html
[Mon Nov 21 11:02:39.594229 2022] [php:warn] [pid 5000:tid 1344] [client ::1:63270] PHP Warning:  Array to string conversion in C:\\Apache24\\htdocs\\displayImagesScript.php on line 11, referer: http://localhost/upload.html
[Mon Nov 21 11:02:39.595194 2022] [php:warn] [pid 5000:tid 1344] [client ::1:63270] PHP Warning:  Array to string conversion in C:\\Apache24\\htdocs\\displayImagesScript.php on line 11, referer: http://localhost/upload.html
[Mon Nov 21 11:03:30.910967 2022] [php:warn] [pid 5000:tid 1352] [client ::1:63310] PHP Warning:  Array to string conversion in C:\\Apache24\\htdocs\\displayImagesScript.php on line 11, referer: http://localhost/upload.html
[Mon Nov 21 11:03:30.911926 2022] [php:warn] [pid 5000:tid 1352] [client ::1:63310] PHP Warning:  Array to string conversion in C:\\Apache24\\htdocs\\displayImagesScript.php on line 11, referer: http://localhost/upload.html
[Mon Nov 21 11:03:30.911926 2022] [php:warn] [pid 5000:tid 1352] [client ::1:63310] PHP Warning:  Array to string conversion in C:\\Apache24\\htdocs\\displayImagesScript.php on line 11, referer: http://localhost/upload.html
[Mon Nov 21 11:03:30.912921 2022] [php:warn] [pid 5000:tid 1352] [client ::1:63310] PHP Warning:  Array to string conversion in C:\\Apache24\\htdocs\\displayImagesScript.php on line 11, referer: http://localhost/upload.html
[Mon Nov 21 11:03:30.912921 2022] [php:warn] [pid 5000:tid 1352] [client ::1:63310] PHP Warning:  Array to string conversion in C:\\Apache24\\htdocs\\displayImagesScript.php on line 11, referer: http://localhost/upload.html
[Mon Nov 21 11:03:30.912921 2022] [php:warn] [pid 5000:tid 1352] [client ::1:63310] PHP Warning:  Array to string conversion in C:\\Apache24\\htdocs\\displayImagesScript.php on line 11, referer: http://localhost/upload.html
[Mon Nov 21 11:03:30.912921 2022] [php:warn] [pid 5000:tid 1352] [client ::1:63310] PHP Warning:  Array to string conversion in C:\\Apache24\\htdocs\\displayImagesScript.php on line 11, referer: http://localhost/upload.html
[Mon Nov 21 11:03:31.371062 2022] [php:warn] [pid 5000:tid 1352] [client ::1:63310] PHP Warning:  Array to string conversion in C:\\Apache24\\htdocs\\displayImagesScript.php on line 11, referer: http://localhost/upload.html
[Mon Nov 21 11:03:31.371062 2022] [php:warn] [pid 5000:tid 1352] [client ::1:63310] PHP Warning:  Array to string conversion in C:\\Apache24\\htdocs\\displayImagesScript.php on line 11, referer: http://localhost/upload.html
[Mon Nov 21 11:03:31.371062 2022] [php:warn] [pid 5000:tid 1352] [client ::1:63310] PHP Warning:  Array to string conversion in C:\\Apache24\\htdocs\\displayImagesScript.php on line 11, referer: http://localhost/upload.html
[Mon Nov 21 11:03:31.371062 2022] [php:warn] [pid 5000:tid 1352] [client ::1:63310] PHP Warning:  Array to string conversion in C:\\Apache24\\htdocs\\displayImagesScript.php on line 11, referer: http://localhost/upload.html
[Mon Nov 21 11:03:31.371062 2022] [php:warn] [pid 5000:tid 1352] [client ::1:63310] PHP Warning:  Array to string conversion in C:\\Apache24\\htdocs\\displayImagesScript.php on line 11, referer: http://localhost/upload.html
[Mon Nov 21 11:03:31.371062 2022] [php:warn] [pid 5000:tid 1352] [client ::1:63310] PHP Warning:  Array to string conversion in C:\\Apache24\\htdocs\\displayImagesScript.php on line 11, referer: http://localhost/upload.html
[Mon Nov 21 11:03:31.371062 2022] [php:warn] [pid 5000:tid 1352] [client ::1:63310] PHP Warning:  Array to string conversion in C:\\Apache24\\htdocs\\displayImagesScript.php on line 11, referer: http://localhost/upload.html
[Mon Nov 21 11:03:51.124270 2022] [php:error] [pid 5000:tid 1344] [client ::1:52510] PHP Parse error:  syntax error, unexpected identifier "getimagesize", expecting "(" in C:\\Apache24\\htdocs\\displayImagesScript.php on line 10, referer: http://localhost/upload.html
[Mon Nov 21 11:03:52.814388 2022] [php:error] [pid 5000:tid 1344] [client ::1:52510] PHP Parse error:  syntax error, unexpected identifier "getimagesize", expecting "(" in C:\\Apache24\\htdocs\\displayImagesScript.php on line 10, referer: http://localhost/upload.html
[Mon Nov 21 11:03:52.955736 2022] [php:error] [pid 5000:tid 1344] [client ::1:52510] PHP Parse error:  syntax error, unexpected identifier "getimagesize", expecting "(" in C:\\Apache24\\htdocs\\displayImagesScript.php on line 10, referer: http://localhost/upload.html
[Mon Nov 21 11:03:53.082743 2022] [php:error] [pid 5000:tid 1344] [client ::1:52510] PHP Parse error:  syntax error, unexpected identifier "getimagesize", expecting "(" in C:\\Apache24\\htdocs\\displayImagesScript.php on line 10, referer: http://localhost/upload.html
[Mon Nov 21 11:05:06.909850 2022] [php:warn] [pid 5000:tid 1352] [client ::1:55414] PHP Warning:  Undefined variable $imageSize in C:\\Apache24\\htdocs\\displayImagesScript.php on line 12, referer: http://localhost/upload.html
[Mon Nov 21 11:05:06.969233 2022] [php:warn] [pid 5000:tid 1352] [client ::1:55414] PHP Warning:  Undefined variable $imageSize in C:\\Apache24\\htdocs\\displayImagesScript.php on line 12, referer: http://localhost/upload.html
[Mon Nov 21 11:05:07.040903 2022] [php:warn] [pid 5000:tid 1352] [client ::1:55414] PHP Warning:  Undefined variable $imageSize in C:\\Apache24\\htdocs\\displayImagesScript.php on line 12, referer: http://localhost/upload.html
[Mon Nov 21 11:05:07.120777 2022] [php:warn] [pid 5000:tid 1352] [client ::1:55414] PHP Warning:  Undefined variable $imageSize in C:\\Apache24\\htdocs\\displayImagesScript.php on line 12, referer: http://localhost/upload.html
[Mon Nov 21 11:05:07.180719 2022] [php:warn] [pid 5000:tid 1352] [client ::1:55414] PHP Warning:  Undefined variable $imageSize in C:\\Apache24\\htdocs\\displayImagesScript.php on line 12, referer: http://localhost/upload.html
[Mon Nov 21 11:05:07.241049 2022] [php:warn] [pid 5000:tid 1352] [client ::1:55414] PHP Warning:  Undefined variable $imageSize in C:\\Apache24\\htdocs\\displayImagesScript.php on line 12, referer: http://localhost/upload.html
[Mon Nov 21 11:05:07.262450 2022] [php:warn] [pid 5000:tid 1344] [client ::1:55415] PHP Warning:  Undefined variable $imageSize in C:\\Apache24\\htdocs\\displayImagesScript.php on line 12, referer: http://localhost/upload.html
[Mon Nov 21 11:05:07.303310 2022] [php:warn] [pid 5000:tid 1352] [client ::1:55414] PHP Warning:  Undefined variable $imageSize in C:\\Apache24\\htdocs\\displayImagesScript.php on line 12, referer: http://localhost/upload.html
[Mon Nov 21 11:05:07.339316 2022] [php:warn] [pid 5000:tid 1344] [client ::1:55415] PHP Warning:  Undefined variable $imageSize in C:\\Apache24\\htdocs\\displayImagesScript.php on line 12, referer: http://localhost/upload.html
[Mon Nov 21 11:05:07.403409 2022] [php:warn] [pid 5000:tid 1344] [client ::1:55415] PHP Warning:  Undefined variable $imageSize in C:\\Apache24\\htdocs\\displayImagesScript.php on line 12, referer: http://localhost/upload.html
[Mon Nov 21 11:05:07.493143 2022] [php:warn] [pid 5000:tid 1344] [client ::1:55415] PHP Warning:  Undefined variable $imageSize in C:\\Apache24\\htdocs\\displayImagesScript.php on line 12, referer: http://localhost/upload.html
[Mon Nov 21 11:05:07.569971 2022] [php:warn] [pid 5000:tid 1344] [client ::1:55415] PHP Warning:  Undefined variable $imageSize in C:\\Apache24\\htdocs\\displayImagesScript.php on line 12, referer: http://localhost/upload.html
[Mon Nov 21 11:05:07.629513 2022] [php:warn] [pid 5000:tid 1344] [client ::1:55415] PHP Warning:  Undefined variable $imageSize in C:\\Apache24\\htdocs\\displayImagesScript.php on line 12, referer: http://localhost/upload.html
[Mon Nov 21 11:05:07.693408 2022] [php:warn] [pid 5000:tid 1344] [client ::1:55415] PHP Warning:  Undefined variable $imageSize in C:\\Apache24\\htdocs\\displayImagesScript.php on line 12, referer: http://localhost/upload.html
[Mon Nov 21 11:05:07.903740 2022] [php:warn] [pid 5000:tid 1344] [client ::1:55415] PHP Warning:  Undefined variable $imageSize in C:\\Apache24\\htdocs\\displayImagesScript.php on line 12, referer: http://localhost/upload.html
[Mon Nov 21 11:05:07.965602 2022] [php:warn] [pid 5000:tid 1344] [client ::1:55415] PHP Warning:  Undefined variable $imageSize in C:\\Apache24\\htdocs\\displayImagesScript.php on line 12, referer: http://localhost/upload.html
[Mon Nov 21 11:05:08.038223 2022] [php:warn] [pid 5000:tid 1344] [client ::1:55415] PHP Warning:  Undefined variable $imageSize in C:\\Apache24\\htdocs\\displayImagesScript.php on line 12, referer: http://localhost/upload.html
[Mon Nov 21 11:05:08.105329 2022] [php:warn] [pid 5000:tid 1344] [client ::1:55415] PHP Warning:  Undefined variable $imageSize in C:\\Apache24\\htdocs\\displayImagesScript.php on line 12, referer: http://localhost/upload.html
[Mon Nov 21 11:05:08.167289 2022] [php:warn] [pid 5000:tid 1344] [client ::1:55415] PHP Warning:  Undefined variable $imageSize in C:\\Apache24\\htdocs\\displayImagesScript.php on line 12, referer: http://localhost/upload.html
[Mon Nov 21 11:05:08.250544 2022] [php:warn] [pid 5000:tid 1344] [client ::1:55415] PHP Warning:  Undefined variable $imageSize in C:\\Apache24\\htdocs\\displayImagesScript.php on line 12, referer: http://localhost/upload.html
[Mon Nov 21 11:05:08.334709 2022] [php:warn] [pid 5000:tid 1344] [client ::1:55415] PHP Warning:  Undefined variable $imageSize in C:\\Apache24\\htdocs\\displayImagesScript.php on line 12, referer: http://localhost/upload.html
[Mon Nov 21 11:05:19.078604 2022] [php:warn] [pid 5000:tid 1368] [client ::1:49676] PHP Warning:  Array to string conversion in C:\\Apache24\\htdocs\\displayImagesScript.php on line 12, referer: http://localhost/upload.html
[Mon Nov 21 11:05:19.140287 2022] [php:warn] [pid 5000:tid 1368] [client ::1:49676] PHP Warning:  Array to string conversion in C:\\Apache24\\htdocs\\displayImagesScript.php on line 12, referer: http://localhost/upload.html
[Mon Nov 21 11:05:19.213597 2022] [php:warn] [pid 5000:tid 1368] [client ::1:49676] PHP Warning:  Array to string conversion in C:\\Apache24\\htdocs\\displayImagesScript.php on line 12, referer: http://localhost/upload.html
[Mon Nov 21 11:05:19.277846 2022] [php:warn] [pid 5000:tid 1368] [client ::1:49676] PHP Warning:  Array to string conversion in C:\\Apache24\\htdocs\\displayImagesScript.php on line 12, referer: http://localhost/upload.html
[Mon Nov 21 11:05:19.340598 2022] [php:warn] [pid 5000:tid 1368] [client ::1:49676] PHP Warning:  Array to string conversion in C:\\Apache24\\htdocs\\displayImagesScript.php on line 12, referer: http://localhost/upload.html
[Mon Nov 21 11:05:19.400291 2022] [php:warn] [pid 5000:tid 1368] [client ::1:49676] PHP Warning:  Array to string conversion in C:\\Apache24\\htdocs\\displayImagesScript.php on line 12, referer: http://localhost/upload.html
[Mon Nov 21 11:05:19.463950 2022] [php:warn] [pid 5000:tid 1368] [client ::1:49676] PHP Warning:  Array to string conversion in C:\\Apache24\\htdocs\\displayImagesScript.php on line 12, referer: http://localhost/upload.html
[Mon Nov 21 11:05:57.626815 2022] [php:warn] [pid 5000:tid 1368] [client ::1:49687] PHP Warning:  getimagesize(/images/milldev/6.jpg): Failed to open stream: No such file or directory in C:\\Apache24\\htdocs\\displayImagesScript.php on line 11, referer: http://localhost/upload.html
[Mon Nov 21 11:05:57.667574 2022] [php:warn] [pid 5000:tid 1368] [client ::1:49687] PHP Warning:  Trying to access array offset on value of type bool in C:\\Apache24\\htdocs\\displayImagesScript.php on line 13, referer: http://localhost/upload.html
[Mon Nov 21 11:05:57.668571 2022] [php:warn] [pid 5000:tid 1368] [client ::1:49687] PHP Warning:  getimagesize(/images/milldev/0.png): Failed to open stream: No such file or directory in C:\\Apache24\\htdocs\\displayImagesScript.php on line 11, referer: http://localhost/upload.html
[Mon Nov 21 11:05:57.668571 2022] [php:warn] [pid 5000:tid 1368] [client ::1:49687] PHP Warning:  Trying to access array offset on value of type bool in C:\\Apache24\\htdocs\\displayImagesScript.php on line 13, referer: http://localhost/upload.html
[Mon Nov 21 11:05:57.668571 2022] [php:warn] [pid 5000:tid 1368] [client ::1:49687] PHP Warning:  getimagesize(/images/milldev/1.png): Failed to open stream: No such file or directory in C:\\Apache24\\htdocs\\displayImagesScript.php on line 11, referer: http://localhost/upload.html
[Mon Nov 21 11:05:57.668571 2022] [php:warn] [pid 5000:tid 1368] [client ::1:49687] PHP Warning:  Trying to access array offset on value of type bool in C:\\Apache24\\htdocs\\displayImagesScript.php on line 13, referer: http://localhost/upload.html
[Mon Nov 21 11:05:57.668571 2022] [php:warn] [pid 5000:tid 1368] [client ::1:49687] PHP Warning:  getimagesize(/images/milldev/2.png): Failed to open stream: No such file or directory in C:\\Apache24\\htdocs\\displayImagesScript.php on line 11, referer: http://localhost/upload.html
[Mon Nov 21 11:05:57.668571 2022] [php:warn] [pid 5000:tid 1368] [client ::1:49687] PHP Warning:  Trying to access array offset on value of type bool in C:\\Apache24\\htdocs\\displayImagesScript.php on line 13, referer: http://localhost/upload.html
[Mon Nov 21 11:05:57.669568 2022] [php:warn] [pid 5000:tid 1368] [client ::1:49687] PHP Warning:  getimagesize(/images/milldev/3.png): Failed to open stream: No such file or directory in C:\\Apache24\\htdocs\\displayImagesScript.php on line 11, referer: http://localhost/upload.html
[Mon Nov 21 11:05:57.669568 2022] [php:warn] [pid 5000:tid 1368] [client ::1:49687] PHP Warning:  Trying to access array offset on value of type bool in C:\\Apache24\\htdocs\\displayImagesScript.php on line 13, referer: http://localhost/upload.html
[Mon Nov 21 11:05:57.669568 2022] [php:warn] [pid 5000:tid 1368] [client ::1:49687] PHP Warning:  getimagesize(/images/milldev/4.png): Failed to open stream: No such file or directory in C:\\Apache24\\htdocs\\displayImagesScript.php on line 11, referer: http://localhost/upload.html
[Mon Nov 21 11:05:57.669568 2022] [php:warn] [pid 5000:tid 1368] [client ::1:49687] PHP Warning:  Trying to access array offset on value of type bool in C:\\Apache24\\htdocs\\displayImagesScript.php on line 13, referer: http://localhost/upload.html
[Mon Nov 21 11:05:57.669568 2022] [php:warn] [pid 5000:tid 1368] [client ::1:49687] PHP Warning:  getimagesize(/images/milldev/5.png): Failed to open stream: No such file or directory in C:\\Apache24\\htdocs\\displayImagesScript.php on line 11, referer: http://localhost/upload.html
[Mon Nov 21 11:05:57.669568 2022] [php:warn] [pid 5000:tid 1368] [client ::1:49687] PHP Warning:  Trying to access array offset on value of type bool in C:\\Apache24\\htdocs\\displayImagesScript.php on line 13, referer: http://localhost/upload.html
[Mon Nov 21 11:08:03.660559 2022] [php:error] [pid 5000:tid 1360] [client ::1:64512] PHP Parse error:  syntax error, unexpected token "/", expecting "->" or "?->" or "{" or "[" in C:\\Apache24\\htdocs\\displayImagesScript.php on line 14, referer: http://localhost/upload.html
[Mon Nov 21 11:09:01.006156 2022] [php:error] [pid 5000:tid 1360] [client ::1:64559] PHP Fatal error:  Uncaught Error: Undefined constant "imageSize" in C:\\Apache24\\htdocs\\displayImagesScript.php:12\nStack trace:\n#0 C:\\Apache24\\htdocs\\mainpage.php(28): include()\n#1 {main}\n  thrown in C:\\Apache24\\htdocs\\displayImagesScript.php on line 12, referer: http://localhost/upload.html
[Mon Nov 21 11:09:12.358860 2022] [php:error] [pid 5000:tid 1352] [client ::1:51452] PHP Fatal error:  Uncaught Error: Undefined constant "imageSize" in C:\\Apache24\\htdocs\\displayImagesScript.php:12\nStack trace:\n#0 C:\\Apache24\\htdocs\\mainpage.php(28): include()\n#1 {main}\n  thrown in C:\\Apache24\\htdocs\\displayImagesScript.php on line 12, referer: http://localhost/upload.html
[Mon Nov 21 11:09:13.284997 2022] [php:error] [pid 5000:tid 1352] [client ::1:51452] PHP Fatal error:  Uncaught Error: Undefined constant "imageSize" in C:\\Apache24\\htdocs\\displayImagesScript.php:12\nStack trace:\n#0 C:\\Apache24\\htdocs\\mainpage.php(28): include()\n#1 {main}\n  thrown in C:\\Apache24\\htdocs\\displayImagesScript.php on line 12, referer: http://localhost/upload.html
[Mon Nov 21 11:09:22.936992 2022] [php:error] [pid 5000:tid 1360] [client ::1:51479] PHP Fatal error:  Uncaught Error: Undefined constant "imageSize" in C:\\Apache24\\htdocs\\displayImagesScript.php:13\nStack trace:\n#0 C:\\Apache24\\htdocs\\mainpage.php(28): include()\n#1 {main}\n  thrown in C:\\Apache24\\htdocs\\displayImagesScript.php on line 13, referer: http://localhost/upload.html
[Mon Nov 21 11:18:45.702645 2022] [php:warn] [pid 5000:tid 780] [client ::1:58730] PHP Warning:  Undefined array key "image" in C:\\Apache24\\htdocs\\photodetail.php on line 11, referer: http://localhost/mainpage.php
[Mon Nov 21 11:19:50.138130 2022] [php:error] [pid 5000:tid 1336] [client ::1:58751] PHP Parse error:  syntax error, unexpected token "<" in C:\\Apache24\\htdocs\\displayImagesScript.php on line 16, referer: http://localhost/upload.html
[Mon Nov 21 11:30:04.796591 2022] [php:warn] [pid 5000:tid 1360] [client ::1:59015] PHP Warning:  Undefined array key "username" in C:\\Apache24\\htdocs\\displayImagesScript.php on line 2, referer: http://localhost/upload.html
[Mon Nov 21 11:30:06.262886 2022] [php:warn] [pid 5000:tid 1360] [client ::1:59015] PHP Warning:  Undefined array key "username" in C:\\Apache24\\htdocs\\displayImagesScript.php on line 2, referer: http://localhost/upload.html
[Mon Nov 21 11:30:26.696283 2022] [php:warn] [pid 5000:tid 1368] [client ::1:59016] PHP Warning:  Undefined array key "username" in C:\\Apache24\\htdocs\\displayImagesScript.php on line 2, referer: http://localhost/upload.html
[Mon Nov 21 11:36:44.899405 2022] [php:warn] [pid 5000:tid 1360] [client ::1:61552] PHP Warning:  Undefined array key "username" in C:\\Apache24\\htdocs\\mainpage.php on line 14, referer: http://localhost/upload.html
[Mon Nov 21 11:36:44.900404 2022] [php:warn] [pid 5000:tid 1360] [client ::1:61552] PHP Warning:  Undefined array key "username" in C:\\Apache24\\htdocs\\displayImagesScript.php on line 2, referer: http://localhost/upload.html
[Mon Nov 21 11:37:27.124338 2022] [php:warn] [pid 5000:tid 1368] [client ::1:61553] PHP Warning:  Undefined array key "username" in C:\\Apache24\\htdocs\\mainpage.php on line 14, referer: http://localhost/upload.html
[Mon Nov 21 11:37:27.125336 2022] [php:warn] [pid 5000:tid 1368] [client ::1:61553] PHP Warning:  Undefined array key "username" in C:\\Apache24\\htdocs\\displayImagesScript.php on line 2, referer: http://localhost/upload.html
[Mon Nov 21 11:39:55.225544 2022] [php:warn] [pid 5000:tid 1360] [client ::1:61616] PHP Warning:  Undefined array key "username" in C:\\Apache24\\htdocs\\mainpage.php on line 14, referer: http://localhost/upload.php?
[Mon Nov 21 11:39:55.226541 2022] [php:warn] [pid 5000:tid 1360] [client ::1:61616] PHP Warning:  Undefined array key "username" in C:\\Apache24\\htdocs\\displayImagesScript.php on line 2, referer: http://localhost/upload.php?
[Mon Nov 21 11:39:57.715363 2022] [php:warn] [pid 5000:tid 1360] [client ::1:61616] PHP Warning:  Undefined array key "username" in C:\\Apache24\\htdocs\\mainpage.php on line 14, referer: http://localhost/upload.php?
[Mon Nov 21 11:39:57.716395 2022] [php:warn] [pid 5000:tid 1360] [client ::1:61616] PHP Warning:  Undefined array key "username" in C:\\Apache24\\htdocs\\displayImagesScript.php on line 2, referer: http://localhost/upload.php?
[Mon Nov 21 11:39:59.178203 2022] [php:warn] [pid 5000:tid 1360] [client ::1:61616] PHP Warning:  Undefined array key "username" in C:\\Apache24\\htdocs\\mainpage.php on line 14, referer: http://localhost/search.php?
[Mon Nov 21 11:39:59.178203 2022] [php:warn] [pid 5000:tid 1360] [client ::1:61616] PHP Warning:  Undefined array key "username" in C:\\Apache24\\htdocs\\displayImagesScript.php on line 2, referer: http://localhost/search.php?
[Mon Nov 21 11:43:50.699686 2022] [php:warn] [pid 5000:tid 1368] [client ::1:61704] PHP Warning:  Undefined array key "username" in C:\\Apache24\\htdocs\\displayImagesScript.php on line 2, referer: http://localhost/search.php?
[Mon Nov 21 11:43:52.160778 2022] [php:warn] [pid 5000:tid 1368] [client ::1:61704] PHP Warning:  Undefined array key "username" in C:\\Apache24\\htdocs\\displayImagesScript.php on line 2, referer: http://localhost/search.php?
[Mon Nov 21 11:43:52.674373 2022] [php:warn] [pid 5000:tid 1368] [client ::1:61704] PHP Warning:  Undefined array key "username" in C:\\Apache24\\htdocs\\displayImagesScript.php on line 2, referer: http://localhost/search.php?
[Mon Nov 21 11:47:23.381999 2022] [php:warn] [pid 5000:tid 1352] [client ::1:61796] PHP Warning:  Undefined array key "username" in C:\\Apache24\\htdocs\\upload.php on line 16, referer: http://localhost/mainpage.php
[Mon Nov 21 11:48:03.947138 2022] [php:warn] [pid 5000:tid 1360] [client ::1:61800] PHP Warning:  Undefined array key "username" in C:\\Apache24\\htdocs\\upload.php on line 16, referer: http://localhost/mainpage.php
[Mon Nov 21 11:48:05.979335 2022] [php:warn] [pid 5000:tid 1360] [client ::1:61800] PHP Warning:  Undefined array key "username" in C:\\Apache24\\htdocs\\upload.php on line 16, referer: http://localhost/mainpage.php
[Mon Nov 21 11:48:11.203277 2022] [php:warn] [pid 5000:tid 1360] [client ::1:61800] PHP Warning:  Undefined array key "username" in C:\\Apache24\\htdocs\\upload.php on line 16, referer: http://localhost/mainpage.php
[Mon Nov 21 11:48:47.346738 2022] [php:warn] [pid 5000:tid 1360] [client ::1:61815] PHP Warning:  Undefined array key "username" in C:\\Apache24\\htdocs\\upload.php on line 16, referer: http://localhost/mainpage.php
[Mon Nov 21 11:49:35.996805 2022] [php:warn] [pid 5000:tid 1352] [client ::1:61818] PHP Warning:  Undefined array key "username" in C:\\Apache24\\htdocs\\upload.php on line 16, referer: http://localhost/mainpage.php
[Mon Nov 21 11:51:15.874774 2022] [php:notice] [pid 5000:tid 1360] [client ::1:61858] PHP Notice:  Only variables should be passed by reference in C:\\Apache24\\htdocs\\fileUploadScript.php on line 23, referer: http://localhost/upload.php?username=milldev
[Mon Nov 21 11:52:44.755175 2022] [php:warn] [pid 5000:tid 1352] [client ::1:61891] PHP Warning:  Undefined array key "username" in C:\\Apache24\\htdocs\\mainpage.php on line 14, referer: http://localhost/photodetail.php?image=/images/milldev/6.jpg&username=milldev
[Mon Nov 21 11:53:03.583510 2022] [php:warn] [pid 5000:tid 1360] [client ::1:61896] PHP Warning:  Undefined array key "username" in C:\\Apache24\\htdocs\\mainpage.php on line 14, referer: http://localhost/photodetail.php?image=/images/milldev/6.jpg&username=milldev
[Mon Nov 21 11:53:05.142113 2022] [php:warn] [pid 5000:tid 1360] [client ::1:61896] PHP Warning:  Undefined array key "username" in C:\\Apache24\\htdocs\\mainpage.php on line 14, referer: http://localhost/photodetail.php?image=/images/milldev/6.jpg&username=milldev
[Mon Nov 21 11:53:14.459947 2022] [mpm_winnt:notice] [pid 17688:tid 428] AH00422: Parent: Received shutdown signal -- Shutting down the server.
Apache server interrupted...
Apache server interrupted...
Apache server interrupted...
[Mon Nov 21 11:53:34.321981 2022] [php:warn] [pid 5000:tid 1352] [client ::1:61901] PHP Warning:  Undefined array key "username" in C:\\Apache24\\htdocs\\mainpage.php on line 14, referer: http://localhost/photodetail.php?image=/images/milldev/6.jpg&username=milldev
[Mon Nov 21 11:53:34.421045 2022] [mpm_winnt:notice] [pid 5000:tid 444] AH00364: Child: All worker threads have exited.
[Mon Nov 21 11:54:00.440231 2022] [core:warn] [pid 35972:tid 436] AH00098: pid file C:/Apache24/logs/httpd.pid overwritten -- Unclean shutdown of previous Apache run?
[Mon Nov 21 11:54:00.474866 2022] [mpm_winnt:notice] [pid 35972:tid 436] AH00455: Apache/2.4.54 (Win64) PHP/8.1.12 configured -- resuming normal operations
[Mon Nov 21 11:54:00.474866 2022] [mpm_winnt:notice] [pid 35972:tid 436] AH00456: Apache Lounge VS17 Server built: Nov 10 2022 11:16:17
[Mon Nov 21 11:54:00.474866 2022] [core:notice] [pid 35972:tid 436] AH00094: Command line: 'C:\\Apache24\\bin\\httpd.exe -d C:/Apache24'
[Mon Nov 21 11:54:00.480853 2022] [mpm_winnt:notice] [pid 35972:tid 436] AH00418: Parent: Created child process 6468
Apache server interrupted...
022] [mpm_winnt:notice] [pid 6468:tid 416] AH00354: Child: Starting 64 worker threads.
[Mon Nov 21 11:56:22.644727 2022] [php:warn] [pid 6468:tid 1332] [client ::1:61947] PHP Warning:  Undefined array key "image" in C:\\Apache24\\htdocs\\photodetail.php on line 11, referer: http://localhost/
[Mon Nov 21 11:56:22.645727 2022] [php:warn] [pid 6468:tid 1332] [client ::1:61947] PHP Warning:  Undefined array key "username" in C:\\Apache24\\htdocs\\photodetail.php on line 13, referer: http://localhost/
[Mon Nov 21 11:56:24.259418 2022] [php:warn] [pid 6468:tid 1332] [client ::1:61947] PHP Warning:  Undefined array key "username" in C:\\Apache24\\htdocs\\mainpage.php on line 14, referer: http://localhost/photodetail.php
[Mon Nov 21 11:56:36.815689 2022] [php:warn] [pid 6468:tid 1328] [client ::1:61950] PHP Warning:  Undefined array key "username" in C:\\Apache24\\htdocs\\mainpage.php on line 14, referer: http://localhost/
[Mon Nov 21 11:56:39.077472 2022] [php:warn] [pid 6468:tid 1328] [client ::1:61950] PHP Warning:  Undefined array key "image" in C:\\Apache24\\htdocs\\photodetail.php on line 11, referer: http://localhost/
[Mon Nov 21 11:56:39.077472 2022] [php:warn] [pid 6468:tid 1328] [client ::1:61950] PHP Warning:  Undefined array key "username" in C:\\Apache24\\htdocs\\photodetail.php on line 13, referer: http://localhost/
[Mon Nov 21 11:56:56.145231 2022] [php:warn] [pid 6468:tid 1332] [client ::1:61951] PHP Warning:  Undefined array key "username" in C:\\Apache24\\htdocs\\upload.php on line 16, referer: http://localhost/
[Mon Nov 21 11:57:31.765608 2022] [mpm_winnt:notice] [pid 35972:tid 436] AH00422: Parent: Received shutdown signal -- Shutting down the server.
[Mon Nov 21 11:57:53.105398 2022] [mpm_winnt:notice] [pid 6468:tid 416] AH00364: Child: All worker threads have exited.
[Mon Nov 21 12:00:20.526314 2022] [core:warn] [pid 36400:tid 412] AH00098: pid file C:/Apache24/logs/httpd.pid overwritten -- Unclean shutdown of previous Apache run?
[Mon Nov 21 12:00:20.554727 2022] [mpm_winnt:notice] [pid 36400:tid 412] AH00455: Apache/2.4.54 (Win64) PHP/8.1.12 configured -- resuming normal operations
[Mon Nov 21 12:00:20.554727 2022] [mpm_winnt:notice] [pid 36400:tid 412] AH00456: Apache Lounge VS17 Server built: Nov 10 2022 11:16:17
[Mon Nov 21 12:00:20.554727 2022] [core:notice] [pid 36400:tid 412] AH00094: Command line: 'C:\\Apache24\\bin\\httpd.exe -d C:/Apache24'
[Mon Nov 21 12:00:20.558727 2022] [mpm_winnt:notice] [pid 36400:tid 412] AH00418: Parent: Created child process 36536
[Mon Nov 21 12:00:21.100261 2022] [mpm_winnt:notice] [pid 36536:tid 412] AH00354: Child: Starting 64 worker threads.
[Mon Nov 21 12:03:27.818527 2022] [php:warn] [pid 36536:tid 1324] [client ::1:62088] PHP Warning:  Undefined array key "username" in C:\\Apache24\\htdocs\\mainpage.php on line 14, referer: http://localhost/
